[Thu May 24 10:53:32.315497 2018] [:error] [pid 17126] [client 192.168.1.117:64220] PHP Parse error:  syntax error, unexpected '->' (T_OBJECT_OPERATOR), expecting end of file in /var/www/APP/index.php on line 39
[Thu May 24 11:02:07.551333 2018] [:error] [pid 17126] [client 192.168.1.117:51239] PHP Notice:  Undefined variable: selec in /var/www/APP/Core/Db/Model.php on line 162
[Thu May 24 11:02:07.551374 2018] [:error] [pid 17126] [client 192.168.1.117:51239] PHP Notice:  Trying to get property of non-object in /var/www/APP/Core/Db/Model.php on line 162
[Thu May 24 11:02:12.087786 2018] [:error] [pid 17126] [client 192.168.1.117:51239] PHP Fatal error:  Uncaught Error: Cannot access private property Core\\Db\\Select::$offset in /var/www/APP/Core/Db/Model.php:162\nStack trace:\n#0 /var/www/APP/index.php(40): Core\\Db\\Model->getAll()\n#1 {main}\n  thrown in /var/www/APP/Core/Db/Model.php on line 162
[Thu May 24 11:15:43.276086 2018] [:error] [pid 17866] [client 192.168.1.117:55150] PHP Notice:  Use of undefined constant LIMIT_DEFAULT - assumed 'LIMIT_DEFAULT' in /var/www/APP/Core/Db/Select.php on line 100
[Thu May 24 11:17:17.851886 2018] [:error] [pid 17866] [client 192.168.1.117:55534] PHP Parse error:  syntax error, unexpected '->' (T_OBJECT_OPERATOR), expecting end of file in /var/www/APP/index.php on line 39
[Thu May 24 11:20:51.335888 2018] [:error] [pid 17798] [client 192.168.1.117:56514] PHP Fatal error:  Uncaught Error: Undefined class constant 'FETCH_OBJECT' in /var/www/APP/Core/Db/Model.php:175\nStack trace:\n#0 /var/www/APP/index.php(41): Core\\Db\\Model->getAll()\n#1 {main}\n  thrown in /var/www/APP/Core/Db/Model.php on line 175
[Thu May 24 11:26:52.497582 2018] [:error] [pid 17798] [client 192.168.1.117:58179] PHP Fatal error:  Uncaught Exception: This output is not recognize! in /var/www/APP/Core/Db/Model.php:167\nStack trace:\n#0 /var/www/APP/index.php(41): Core\\Db\\Model->getAll()\n#1 {main}\n  thrown in /var/www/APP/Core/Db/Model.php on line 167
[Thu May 24 12:30:01.614366 2018] [:error] [pid 17130] [client 192.168.1.117:60452] PHP Fatal error:  Uncaught Exception: Erro ao localizar arquivo de classe de nome:Application/Environment.php in /var/www/APP/autoloader.php:36\nStack trace:\n#0 /var/www/APP/index.php(5): __autoload('Application/Env...')\n#1 {main}\n  thrown in /var/www/APP/autoloader.php on line 36
[Thu May 24 12:30:21.508578 2018] [:error] [pid 17126] [client 192.168.1.117:60538] PHP Parse error:  syntax error, unexpected 'class' (T_CLASS), expecting '{' in /var/www/APP/Core/Application/Environment.php on line 6
[Thu May 24 12:31:32.140392 2018] [:error] [pid 17867] [client 192.168.1.117:60868] PHP Fatal error:  Uncaught Error: Class 'Core\\Application\\Environment' not found in /var/www/APP/index.php:5\nStack trace:\n#0 {main}\n  thrown in /var/www/APP/index.php on line 5
[Thu May 24 12:31:43.968672 2018] [:error] [pid 17130] [client 192.168.1.117:60921] PHP Fatal error:  Uncaught Error: Class 'Core\\Application\\Environment' not found in /var/www/APP/index.php:5\nStack trace:\n#0 {main}\n  thrown in /var/www/APP/index.php on line 5
[Thu May 24 12:31:59.798575 2018] [:error] [pid 17126] [client 192.168.1.117:60990] PHP Fatal error:  Uncaught Error: Class 'Core\\Application\\Environment' not found in /var/www/APP/index.php:5\nStack trace:\n#0 {main}\n  thrown in /var/www/APP/index.php on line 5
[Thu May 24 12:37:56.032390 2018] [:error] [pid 17126] [client 192.168.1.117:62484] PHP Parse error:  syntax error, unexpected 'class' (T_CLASS), expecting ',' or ';' in /var/www/APP/Core/Application/Environment.php on line 7
[Thu May 24 12:37:56.979597 2018] [:error] [pid 17798] [client 192.168.1.117:62485] PHP Parse error:  syntax error, unexpected 'class' (T_CLASS), expecting ',' or ';' in /var/www/APP/Core/Application/Environment.php on line 7
[Thu May 24 12:38:22.890561 2018] [:error] [pid 17866] [client 192.168.1.117:62605] PHP Parse error:  syntax error, unexpected 'class' (T_CLASS), expecting ',' or ';' in /var/www/APP/Core/Application/Environment.php on line 7
[Thu May 24 12:38:23.587336 2018] [:error] [pid 17127] [client 192.168.1.117:62606] PHP Parse error:  syntax error, unexpected 'class' (T_CLASS), expecting ',' or ';' in /var/www/APP/Core/Application/Environment.php on line 7
[Thu May 24 12:38:50.428777 2018] [:error] [pid 17868] [client 192.168.1.117:62722] PHP Parse error:  syntax error, unexpected 'class' (T_CLASS), expecting ',' or ';' in /var/www/APP/Core/Application/Environment.php on line 7
[Thu May 24 12:39:07.859236 2018] [:error] [pid 17869] [client 192.168.1.117:62798] PHP Warning:  Missing argument 1 for Core\\Router\\Route::view(), called in /var/www/APP/Core/Application/Environment.php on line 14 and defined in /var/www/APP/Core/Router/Route.php on line 50
[Thu May 24 12:40:30.749776 2018] [:error] [pid 17798] [client 192.168.1.117:63199] PHP Warning:  Missing argument 1 for Core\\Router\\Route::view(), called in /var/www/APP/Core/Application/Environment.php on line 14 and defined in /var/www/APP/Core/Router/Route.php on line 49
[Thu May 24 12:41:06.115560 2018] [:error] [pid 17132] [client 192.168.1.117:63344] PHP Warning:  Missing argument 1 for Core\\Router\\Route::view(), called in /var/www/APP/Core/Application/Environment.php on line 14 and defined in /var/www/APP/Core/Router/Route.php on line 49
[Thu May 24 12:41:06.115628 2018] [:error] [pid 17132] [client 192.168.1.117:63344] PHP Fatal error:  Uncaught Error: Using $this when not in object context in /var/www/APP/Core/Router/Route.php:50\nStack trace:\n#0 /var/www/APP/Core/Application/Environment.php(14): Core\\Router\\Route::view()\n#1 /var/www/APP/index.php(6): Core\\Application\\Environment->run()\n#2 {main}\n  thrown in /var/www/APP/Core/Router/Route.php on line 50
[Thu May 24 12:42:01.842668 2018] [:error] [pid 17127] [client 192.168.1.117:63560] PHP Fatal error:  Uncaught Error: Using $this when not in object context in /var/www/APP/Core/Router/Route.php:50\nStack trace:\n#0 /var/www/APP/Core/Application/Environment.php(14): Core\\Router\\Route::view()\n#1 /var/www/APP/index.php(6): Core\\Application\\Environment->run()\n#2 {main}\n  thrown in /var/www/APP/Core/Router/Route.php on line 50
[Thu May 24 12:43:43.544300 2018] [:error] [pid 17868] [client 192.168.1.117:64002] PHP Fatal error:  Uncaught Error: Using $this when not in object context in /var/www/APP/Core/Router/Route.php:50\nStack trace:\n#0 /var/www/APP/Core/Application/Environment.php(14): Core\\Router\\Route::view()\n#1 /var/www/APP/index.php(8): Core\\Application\\Environment->run()\n#2 {main}\n  thrown in /var/www/APP/Core/Router/Route.php on line 50
[Thu May 24 14:12:46.463368 2018] [:error] [pid 17798] [client 192.168.1.117:53457] PHP Fatal error:  Uncaught Exception: Erro ao localizar arquivo de classe de nome:Route.php in /var/www/APP/autoloader.php:42\nStack trace:\n#0 /var/www/APP/Config/routes.php(3): __autoload('Route.php')\n#1 /var/www/APP/autoloader.php(31): include_once('/var/www/APP/Co...')\n#2 /var/www/APP/index.php(7): __autoload('Core/Applicatio...')\n#3 {main}\n  thrown in /var/www/APP/autoloader.php on line 42
[Thu May 24 14:13:06.994155 2018] [:error] [pid 17132] [client 192.168.1.117:53542] PHP Fatal error:  Uncaught Exception: Erro ao localizar arquivo de classe de nome:Route.php in /var/www/APP/autoloader.php:42\nStack trace:\n#0 /var/www/APP/Config/routes.php(4): __autoload('Route.php')\n#1 /var/www/APP/autoloader.php(31): include_once('/var/www/APP/Co...')\n#2 /var/www/APP/index.php(7): __autoload('Core/Applicatio...')\n#3 {main}\n  thrown in /var/www/APP/autoloader.php on line 42
[Thu May 24 14:16:09.468342 2018] [:error] [pid 17127] [client 192.168.1.117:54314] PHP Fatal error:  Uncaught Exception: Erro ao localizar arquivo de classe de nome:Route.php in /var/www/APP/autoloader.php:46\nStack trace:\n#0 /var/www/APP/Config/routes.php(3): __autoload('Route.php')\n#1 /var/www/APP/autoloader.php(33): include_once('/var/www/APP/Co...')\n#2 /var/www/APP/index.php(7): __autoload('Core/Applicatio...')\n#3 {main}\n  thrown in /var/www/APP/autoloader.php on line 46
[Thu May 24 14:16:10.457297 2018] [:error] [pid 17127] [client 192.168.1.117:54314] PHP Fatal error:  Uncaught Exception: Erro ao localizar arquivo de classe de nome:Route.php in /var/www/APP/autoloader.php:46\nStack trace:\n#0 /var/www/APP/Config/routes.php(3): __autoload('Route.php')\n#1 /var/www/APP/autoloader.php(33): include_once('/var/www/APP/Co...')\n#2 /var/www/APP/index.php(7): __autoload('Core/Applicatio...')\n#3 {main}\n  thrown in /var/www/APP/autoloader.php on line 46
[Thu May 24 14:16:10.680735 2018] [:error] [pid 17127] [client 192.168.1.117:54314] PHP Fatal error:  Uncaught Exception: Erro ao localizar arquivo de classe de nome:Route.php in /var/www/APP/autoloader.php:46\nStack trace:\n#0 /var/www/APP/Config/routes.php(3): __autoload('Route.php')\n#1 /var/www/APP/autoloader.php(33): include_once('/var/www/APP/Co...')\n#2 /var/www/APP/index.php(7): __autoload('Core/Applicatio...')\n#3 {main}\n  thrown in /var/www/APP/autoloader.php on line 46
[Thu May 24 14:16:10.892382 2018] [:error] [pid 17127] [client 192.168.1.117:54314] PHP Fatal error:  Uncaught Exception: Erro ao localizar arquivo de classe de nome:Route.php in /var/www/APP/autoloader.php:46\nStack trace:\n#0 /var/www/APP/Config/routes.php(3): __autoload('Route.php')\n#1 /var/www/APP/autoloader.php(33): include_once('/var/www/APP/Co...')\n#2 /var/www/APP/index.php(7): __autoload('Core/Applicatio...')\n#3 {main}\n  thrown in /var/www/APP/autoloader.php on line 46
[Thu May 24 14:16:11.035363 2018] [:error] [pid 17127] [client 192.168.1.117:54314] PHP Fatal error:  Uncaught Exception: Erro ao localizar arquivo de classe de nome:Route.php in /var/www/APP/autoloader.php:46\nStack trace:\n#0 /var/www/APP/Config/routes.php(3): __autoload('Route.php')\n#1 /var/www/APP/autoloader.php(33): include_once('/var/www/APP/Co...')\n#2 /var/www/APP/index.php(7): __autoload('Core/Applicatio...')\n#3 {main}\n  thrown in /var/www/APP/autoloader.php on line 46
[Thu May 24 14:16:38.256373 2018] [:error] [pid 17867] [client 192.168.1.117:54442] PHP Fatal error:  Uncaught Exception: Erro ao localizar arquivo de classe de nome:Route.php | /var/www/APP/CoreRouter/Route.php in /var/www/APP/autoloader.php:46\nStack trace:\n#0 /var/www/APP/Config/routes.php(3): __autoload('Route.php')\n#1 /var/www/APP/autoloader.php(33): include_once('/var/www/APP/Co...')\n#2 /var/www/APP/index.php(7): __autoload('Core/Applicatio...')\n#3 {main}\n  thrown in /var/www/APP/autoloader.php on line 46
[Thu May 24 14:16:49.796240 2018] [:error] [pid 17130] [client 192.168.1.117:54490] PHP Fatal error:  Uncaught Error: Class 'Route' not found in /var/www/APP/Config/routes.php:3\nStack trace:\n#0 /var/www/APP/autoloader.php(33): include_once()\n#1 /var/www/APP/index.php(7): __autoload('Core/Applicatio...')\n#2 {main}\n  thrown in /var/www/APP/Config/routes.php on line 3
[Thu May 24 14:17:00.408008 2018] [:error] [pid 17798] [client 192.168.1.117:54538] PHP Fatal error:  Uncaught Error: Class 'Route' not found in /var/www/APP/Config/routes.php:3\nStack trace:\n#0 /var/www/APP/autoloader.php(33): include_once()\n#1 /var/www/APP/index.php(7): __autoload('Core/Applicatio...')\n#2 {main}\n  thrown in /var/www/APP/Config/routes.php on line 3
[Thu May 24 14:18:25.754179 2018] [:error] [pid 17132] [client 192.168.1.117:54897] PHP Fatal error:  Uncaught Error: Class 'Route' not found in /var/www/APP/Config/routes.php:3\nStack trace:\n#0 /var/www/APP/autoloader.php(33): include_once()\n#1 /var/www/APP/index.php(7): __autoload('Core/Applicatio...')\n#2 {main}\n  thrown in /var/www/APP/Config/routes.php on line 3
[Thu May 24 14:19:33.574509 2018] [:error] [pid 17127] [client 192.168.1.117:55197] PHP Fatal error:  Uncaught Error: Class 'Route' not found in /var/www/APP/Config/routes.php:3\nStack trace:\n#0 /var/www/APP/autoloader.php(33): include_once()\n#1 /var/www/APP/index.php(7): __autoload('Core/Applicatio...')\n#2 {main}\n  thrown in /var/www/APP/Config/routes.php on line 3
[Thu May 24 14:20:18.863299 2018] [:error] [pid 17867] [client 192.168.1.117:55390] PHP Fatal error:  Uncaught Error: Class 'Route' not found in /var/www/APP/Config/routes.php:3\nStack trace:\n#0 /var/www/APP/autoloader.php(47): include_once()\n#1 /var/www/APP/index.php(7): __autoload('Core/Applicatio...')\n#2 {main}\n  thrown in /var/www/APP/Config/routes.php on line 3
[Thu May 24 14:20:19.545900 2018] [:error] [pid 17867] [client 192.168.1.117:55390] PHP Fatal error:  Uncaught Error: Class 'Route' not found in /var/www/APP/Config/routes.php:3\nStack trace:\n#0 /var/www/APP/autoloader.php(47): include_once()\n#1 /var/www/APP/index.php(7): __autoload('Core/Applicatio...')\n#2 {main}\n  thrown in /var/www/APP/Config/routes.php on line 3
[Thu May 24 14:20:19.739211 2018] [:error] [pid 17867] [client 192.168.1.117:55390] PHP Fatal error:  Uncaught Error: Class 'Route' not found in /var/www/APP/Config/routes.php:3\nStack trace:\n#0 /var/www/APP/autoloader.php(47): include_once()\n#1 /var/www/APP/index.php(7): __autoload('Core/Applicatio...')\n#2 {main}\n  thrown in /var/www/APP/Config/routes.php on line 3
[Thu May 24 14:20:19.892286 2018] [:error] [pid 17867] [client 192.168.1.117:55390] PHP Fatal error:  Uncaught Error: Class 'Route' not found in /var/www/APP/Config/routes.php:3\nStack trace:\n#0 /var/www/APP/autoloader.php(47): include_once()\n#1 /var/www/APP/index.php(7): __autoload('Core/Applicatio...')\n#2 {main}\n  thrown in /var/www/APP/Config/routes.php on line 3
[Thu May 24 14:20:20.044356 2018] [:error] [pid 17867] [client 192.168.1.117:55390] PHP Fatal error:  Uncaught Error: Class 'Route' not found in /var/www/APP/Config/routes.php:3\nStack trace:\n#0 /var/www/APP/autoloader.php(47): include_once()\n#1 /var/www/APP/index.php(7): __autoload('Core/Applicatio...')\n#2 {main}\n  thrown in /var/www/APP/Config/routes.php on line 3
[Thu May 24 14:20:20.185423 2018] [:error] [pid 17867] [client 192.168.1.117:55390] PHP Fatal error:  Uncaught Error: Class 'Route' not found in /var/www/APP/Config/routes.php:3\nStack trace:\n#0 /var/www/APP/autoloader.php(47): include_once()\n#1 /var/www/APP/index.php(7): __autoload('Core/Applicatio...')\n#2 {main}\n  thrown in /var/www/APP/Config/routes.php on line 3
[Thu May 24 14:23:06.312191 2018] [:error] [pid 17130] [client 192.168.1.117:56075] PHP Fatal error:  Uncaught Error: Class 'Route' not found in /var/www/APP/Config/routes.php:3\nStack trace:\n#0 /var/www/APP/autoloader.php(47): include_once()\n#1 /var/www/APP/index.php(7): __autoload('Core/Applicatio...')\n#2 {main}\n  thrown in /var/www/APP/Config/routes.php on line 3
[Thu May 24 14:23:06.821705 2018] [:error] [pid 17130] [client 192.168.1.117:56075] PHP Fatal error:  Uncaught Error: Class 'Route' not found in /var/www/APP/Config/routes.php:3\nStack trace:\n#0 /var/www/APP/autoloader.php(47): include_once()\n#1 /var/www/APP/index.php(7): __autoload('Core/Applicatio...')\n#2 {main}\n  thrown in /var/www/APP/Config/routes.php on line 3
[Thu May 24 14:23:06.994676 2018] [:error] [pid 17130] [client 192.168.1.117:56075] PHP Fatal error:  Uncaught Error: Class 'Route' not found in /var/www/APP/Config/routes.php:3\nStack trace:\n#0 /var/www/APP/autoloader.php(47): include_once()\n#1 /var/www/APP/index.php(7): __autoload('Core/Applicatio...')\n#2 {main}\n  thrown in /var/www/APP/Config/routes.php on line 3
[Thu May 24 14:23:07.163631 2018] [:error] [pid 17130] [client 192.168.1.117:56075] PHP Fatal error:  Uncaught Error: Class 'Route' not found in /var/www/APP/Config/routes.php:3\nStack trace:\n#0 /var/www/APP/autoloader.php(47): include_once()\n#1 /var/www/APP/index.php(7): __autoload('Core/Applicatio...')\n#2 {main}\n  thrown in /var/www/APP/Config/routes.php on line 3
[Thu May 24 14:23:15.818693 2018] [:error] [pid 17869] [client 192.168.1.117:56076] PHP Fatal error:  Uncaught Error: Class 'Route' not found in /var/www/APP/Config/routes.php:3\nStack trace:\n#0 /var/www/APP/autoloader.php(47): include_once()\n#1 /var/www/APP/index.php(7): __autoload('Core/Applicatio...')\n#2 {main}\n  thrown in /var/www/APP/Config/routes.php on line 3
[Thu May 24 14:24:59.356996 2018] [:error] [pid 17129] [client 192.168.1.117:56605] PHP Fatal error:  Uncaught Error: Class 'Route' not found in /var/www/APP/Config/routes.php:3\nStack trace:\n#0 /var/www/APP/autoloader.php(47): include_once()\n#1 /var/www/APP/index.php(7): __autoload('Core/Applicatio...')\n#2 {main}\n  thrown in /var/www/APP/Config/routes.php on line 3
[Thu May 24 14:26:50.395890 2018] [:error] [pid 17127] [client 192.168.1.117:57041] PHP Fatal error:  Uncaught Error: Class 'Route' not found in /var/www/APP/Config/routes.php:3\nStack trace:\n#0 /var/www/APP/autoloader.php(47): include_once()\n#1 /var/www/APP/index.php(7): __autoload('Core/Applicatio...')\n#2 {main}\n  thrown in /var/www/APP/Config/routes.php on line 3
[Thu May 24 14:41:49.050862 2018] [:error] [pid 17132] [client 192.168.1.117:60713] PHP Notice:  Undefined variable: path_config_db in /var/www/APP/autoloader.php on line 49
[Thu May 24 14:42:04.867803 2018] [:error] [pid 17127] [client 192.168.1.117:60784] PHP Notice:  Undefined variable: path_config_db in /var/www/APP/autoloader.php on line 51
[Thu May 24 14:42:04.867888 2018] [:error] [pid 17127] [client 192.168.1.117:60784] PHP Notice:  Undefined variable: path_router in /var/www/APP/autoloader.php on line 26
[Thu May 24 14:42:04.867917 2018] [:error] [pid 17127] [client 192.168.1.117:60784] PHP Notice:  Undefined variable: path_router in /var/www/APP/autoloader.php on line 27
[Thu May 24 14:42:55.433998 2018] [:error] [pid 17867] [client 192.168.1.117:60995] PHP Notice:  Undefined variable: path_router in /var/www/APP/autoloader.php on line 26
[Thu May 24 14:42:55.434060 2018] [:error] [pid 17867] [client 192.168.1.117:60995] PHP Notice:  Undefined variable: path_router in /var/www/APP/autoloader.php on line 27
[Thu May 24 14:59:59.517728 2018] [:error] [pid 17130] [client 192.168.1.117:65222] PHP Parse error:  syntax error, unexpected 'die' (T_EXIT) in /var/www/APP/autoloader.php on line 55
[Thu May 24 15:01:10.528598 2018] [:error] [pid 17129] [client 192.168.1.117:65499] PHP Notice:  Undefined variable: path_router in /var/www/APP/autoloader.php on line 54
[Thu May 24 15:10:14.681608 2018] [:error] [pid 17798] [client 192.168.1.117:51563] PHP Fatal error:  Uncaught Error: Using $this when not in object context in /var/www/APP/Core/Router/Route.php:52\nStack trace:\n#0 /var/www/APP/Config/routes.php(3): Core\\Router\\Route::get('/user', 'UsuarioControll...')\n#1 /var/www/APP/autoloader.php(53): include_once('/var/www/APP/Co...')\n#2 /var/www/APP/index.php(5): include_once('/var/www/APP/au...')\n#3 {main}\n  thrown in /var/www/APP/Core/Router/Route.php on line 52
[Thu May 24 15:11:20.460044 2018] [:error] [pid 17132] [client 192.168.1.117:51817] PHP Fatal error:  Uncaught Error: Using $this when not in object context in /var/www/APP/Core/Router/Route.php:54\nStack trace:\n#0 /var/www/APP/Config/routes.php(3): Core\\Router\\Route::get('/user', 'UsuarioControll...')\n#1 /var/www/APP/autoloader.php(53): include_once('/var/www/APP/Co...')\n#2 /var/www/APP/index.php(5): include_once('/var/www/APP/au...')\n#3 {main}\n  thrown in /var/www/APP/Core/Router/Route.php on line 54
[Thu May 24 15:11:34.562190 2018] [:error] [pid 17127] [client 192.168.1.117:51881] PHP Fatal error:  Uncaught Error: Using $this when not in object context in /var/www/APP/Core/Router/Route.php:55\nStack trace:\n#0 /var/www/APP/Config/routes.php(3): Core\\Router\\Route::get('/user', 'UsuarioControll...')\n#1 /var/www/APP/autoloader.php(53): include_once('/var/www/APP/Co...')\n#2 /var/www/APP/index.php(5): include_once('/var/www/APP/au...')\n#3 {main}\n  thrown in /var/www/APP/Core/Router/Route.php on line 55
[Thu May 24 15:12:36.163043 2018] [:error] [pid 17867] [client 192.168.1.117:52125] PHP Parse error:  syntax error, unexpected '}' in /var/www/APP/Core/Router/Route.php on line 36
[Thu May 24 15:14:11.398955 2018] [:error] [pid 17130] [client 192.168.1.117:52532] PHP Parse error:  syntax error, unexpected '}' in /var/www/APP/Core/Router/Route.php on line 36
[Thu May 24 15:14:34.540728 2018] [:error] [pid 17798] [client 192.168.1.117:52629] PHP Fatal error:  Uncaught Error: Using $this when not in object context in /var/www/APP/Core/Router/Route.php:59\nStack trace:\n#0 /var/www/APP/Config/routes.php(3): Core\\Router\\Route::get('/user', 'UsuarioControll...')\n#1 /var/www/APP/autoloader.php(53): include_once('/var/www/APP/Co...')\n#2 /var/www/APP/index.php(5): include_once('/var/www/APP/au...')\n#3 {main}\n  thrown in /var/www/APP/Core/Router/Route.php on line 59
[Thu May 24 15:36:08.160698 2018] [:error] [pid 17866] [client 192.168.1.117:58259] PHP Parse error:  syntax error, unexpected '}', expecting ';' in /var/www/APP/Config/routes.php on line 5
[Thu May 24 15:40:42.420569 2018] [:error] [pid 17130] [client 192.168.1.117:59644] PHP Fatal error:  Uncaught Error: Cannot use object of type Closure as array in /var/www/APP/Core/Router/Route.php:61\nStack trace:\n#0 /var/www/APP/Config/routes.php(5): Core\\Router\\Route::get('/user/{id}', Object(Closure))\n#1 /var/www/APP/autoloader.php(53): include_once('/var/www/APP/Co...')\n#2 /var/www/APP/index.php(5): include_once('/var/www/APP/au...')\n#3 {main}\n  thrown in /var/www/APP/Core/Router/Route.php on line 61
[Thu May 24 15:40:58.652770 2018] [:error] [pid 17129] [client 192.168.1.117:59729] PHP Fatal error:  Uncaught Error: Closure object cannot have properties in /var/www/APP/Core/Router/Route.php:61\nStack trace:\n#0 /var/www/APP/Config/routes.php(5): Core\\Router\\Route::get('/user/{id}', Object(Closure))\n#1 /var/www/APP/autoloader.php(53): include_once('/var/www/APP/Co...')\n#2 /var/www/APP/index.php(5): include_once('/var/www/APP/au...')\n#3 {main}\n  thrown in /var/www/APP/Core/Router/Route.php on line 61
[Thu May 24 15:41:14.948116 2018] [:error] [pid 17866] [client 192.168.1.117:59799] PHP Fatal error:  Uncaught Error: Closure object cannot have properties in /var/www/APP/Core/Router/Route.php:61\nStack trace:\n#0 /var/www/APP/Config/routes.php(5): Core\\Router\\Route::get('/user/{id}', Object(Closure))\n#1 /var/www/APP/autoloader.php(53): include_once('/var/www/APP/Co...')\n#2 /var/www/APP/index.php(5): include_once('/var/www/APP/au...')\n#3 {main}\n  thrown in /var/www/APP/Core/Router/Route.php on line 61
[Thu May 24 15:41:15.675434 2018] [:error] [pid 17866] [client 192.168.1.117:59799] PHP Fatal error:  Uncaught Error: Closure object cannot have properties in /var/www/APP/Core/Router/Route.php:61\nStack trace:\n#0 /var/www/APP/Config/routes.php(5): Core\\Router\\Route::get('/user/{id}', Object(Closure))\n#1 /var/www/APP/autoloader.php(53): include_once('/var/www/APP/Co...')\n#2 /var/www/APP/index.php(5): include_once('/var/www/APP/au...')\n#3 {main}\n  thrown in /var/www/APP/Core/Router/Route.php on line 61
[Thu May 24 15:41:15.892989 2018] [:error] [pid 17866] [client 192.168.1.117:59799] PHP Fatal error:  Uncaught Error: Closure object cannot have properties in /var/www/APP/Core/Router/Route.php:61\nStack trace:\n#0 /var/www/APP/Config/routes.php(5): Core\\Router\\Route::get('/user/{id}', Object(Closure))\n#1 /var/www/APP/autoloader.php(53): include_once('/var/www/APP/Co...')\n#2 /var/www/APP/index.php(5): include_once('/var/www/APP/au...')\n#3 {main}\n  thrown in /var/www/APP/Core/Router/Route.php on line 61
[Thu May 24 15:41:16.072351 2018] [:error] [pid 17866] [client 192.168.1.117:59799] PHP Fatal error:  Uncaught Error: Closure object cannot have properties in /var/www/APP/Core/Router/Route.php:61\nStack trace:\n#0 /var/www/APP/Config/routes.php(5): Core\\Router\\Route::get('/user/{id}', Object(Closure))\n#1 /var/www/APP/autoloader.php(53): include_once('/var/www/APP/Co...')\n#2 /var/www/APP/index.php(5): include_once('/var/www/APP/au...')\n#3 {main}\n  thrown in /var/www/APP/Core/Router/Route.php on line 61
[Thu May 24 15:49:01.821021 2018] [:error] [pid 17868] [client 192.168.1.117:61947] PHP Notice:  Undefined variable: params in /var/www/APP/Core/Router/Route.php on line 61
[Thu May 24 15:50:24.172088 2018] [:error] [pid 17129] [client 192.168.1.117:62323] PHP Fatal error:  Uncaught Error: Cannot use object of type Closure as array in /var/www/APP/Core/Router/Route.php:61\nStack trace:\n#0 /var/www/APP/Config/routes.php(5): Core\\Router\\Route::get('/user/{id}', Object(Closure))\n#1 /var/www/APP/autoloader.php(53): include_once('/var/www/APP/Co...')\n#2 /var/www/APP/index.php(5): include_once('/var/www/APP/au...')\n#3 {main}\n  thrown in /var/www/APP/Core/Router/Route.php on line 61
[Thu May 24 15:50:50.025935 2018] [:error] [pid 17127] [client 192.168.1.117:62449] PHP Fatal error:  Uncaught Error: Closure object cannot have properties in /var/www/APP/Core/Router/Route.php:61\nStack trace:\n#0 /var/www/APP/Config/routes.php(5): Core\\Router\\Route::get('/user/{id}', Object(Closure))\n#1 /var/www/APP/autoloader.php(53): include_once('/var/www/APP/Co...')\n#2 /var/www/APP/index.php(5): include_once('/var/www/APP/au...')\n#3 {main}\n  thrown in /var/www/APP/Core/Router/Route.php on line 61
[Thu May 24 15:52:57.206857 2018] [:error] [pid 17126] [client 192.168.1.117:63136] PHP Parse error:  syntax error, unexpected 'print_r' (T_STRING) in /var/www/APP/Core/Router/Route.php on line 65
[Thu May 24 15:53:03.226926 2018] [:error] [pid 17130] [client 192.168.1.117:63164] PHP Parse error:  syntax error, unexpected '$self_obj' (T_VARIABLE) in /var/www/APP/Core/Router/Route.php on line 66
[Thu May 24 15:53:40.533319 2018] [:error] [pid 17869] [client 192.168.1.117:63360] PHP Parse error:  syntax error, unexpected '$self_obj' (T_VARIABLE) in /var/www/APP/Core/Router/Route.php on line 67
[Thu May 24 15:53:41.284600 2018] [:error] [pid 17869] [client 192.168.1.117:63360] PHP Parse error:  syntax error, unexpected '$self_obj' (T_VARIABLE) in /var/www/APP/Core/Router/Route.php on line 67
[Thu May 24 15:53:41.531776 2018] [:error] [pid 17869] [client 192.168.1.117:63360] PHP Parse error:  syntax error, unexpected '$self_obj' (T_VARIABLE) in /var/www/APP/Core/Router/Route.php on line 67
[Thu May 24 15:53:41.712369 2018] [:error] [pid 17869] [client 192.168.1.117:63360] PHP Parse error:  syntax error, unexpected '$self_obj' (T_VARIABLE) in /var/www/APP/Core/Router/Route.php on line 67
[Thu May 24 15:53:41.888748 2018] [:error] [pid 17869] [client 192.168.1.117:63360] PHP Parse error:  syntax error, unexpected '$self_obj' (T_VARIABLE) in /var/www/APP/Core/Router/Route.php on line 67
[Thu May 24 15:58:58.660493 2018] [:error] [pid 17132] [client 192.168.1.117:64839] PHP Notice:  Undefined variable: path_router in /var/www/APP/autoloader.php on line 32
[Thu May 24 15:58:58.660579 2018] [:error] [pid 17132] [client 192.168.1.117:64839] PHP Fatal error:  Uncaught Exception: Erro ao localizar arquivo de classe de nome:Core/Router/ReflectionFunction.php | Core/Router/ReflectionFunction.php in /var/www/APP/autoloader.php:32\nStack trace:\n#0 /var/www/APP/Core/Router/Route.php(61): __autoload('Core/Router/Ref...')\n#1 /var/www/APP/Config/routes.php(16): Core\\Router\\Route::get('/user/{id}', Object(Closure))\n#2 /var/www/APP/autoloader.php(53): include_once('/var/www/APP/Co...')\n#3 /var/www/APP/index.php(5): include_once('/var/www/APP/au...')\n#4 {main}\n  thrown in /var/www/APP/autoloader.php on line 32
[Thu May 24 15:59:15.570859 2018] [:error] [pid 17868] [client 192.168.1.117:64946] PHP Notice:  Undefined variable: path_router in /var/www/APP/autoloader.php on line 32
[Thu May 24 15:59:15.570940 2018] [:error] [pid 17868] [client 192.168.1.117:64946] PHP Fatal error:  Uncaught Exception: Erro ao localizar arquivo de classe de nome:Core/Router/ReflectionFunction.php | Core/Router/ReflectionFunction.php in /var/www/APP/autoloader.php:32\nStack trace:\n#0 /var/www/APP/Core/Router/Route.php(61): __autoload('Core/Router/Ref...')\n#1 /var/www/APP/Config/routes.php(16): Core\\Router\\Route::get('/user/{id}', Object(Closure))\n#2 /var/www/APP/autoloader.php(52): include_once('/var/www/APP/Co...')\n#3 /var/www/APP/index.php(5): include_once('/var/www/APP/au...')\n#4 {main}\n  thrown in /var/www/APP/autoloader.php on line 32
[Thu May 24 16:08:03.894839 2018] [:error] [pid 17868] [client 192.168.1.117:50881] PHP Warning:  call_user_func_array() expects parameter 2 to be array, integer given in /var/www/APP/Core/Router/Route.php on line 63
[Thu May 24 16:17:41.567801 2018] [:error] [pid 17798] [client 192.168.1.117:53435] PHP Fatal error:  Uncaught Error: Using $this when not in object context in /var/www/APP/Core/Router/Route.php:63\nStack trace:\n#0 /var/www/APP/Config/routes.php(16): Core\\Router\\Route::get('/user/{id}', Object(Closure))\n#1 /var/www/APP/autoloader.php(52): include_once('/var/www/APP/Co...')\n#2 /var/www/APP/index.php(5): include_once('/var/www/APP/au...')\n#3 {main}\n  thrown in /var/www/APP/Core/Router/Route.php on line 63
[Thu May 24 16:21:29.273124 2018] [:error] [pid 17130] [client 192.168.1.117:54465] PHP Fatal error:  Uncaught Exception: Route Not Found! in /var/www/APP/autoloader.php:55\nStack trace:\n#0 /var/www/APP/index.php(5): include_once()\n#1 {main}\n  thrown in /var/www/APP/autoloader.php on line 55
[Thu May 24 16:23:46.225469 2018] [:error] [pid 17866] [client 192.168.1.117:55062] PHP Fatal error:  Uncaught Exception: Route Not Found! in /var/www/APP/autoloader.php:55\nStack trace:\n#0 /var/www/APP/index.php(5): include_once()\n#1 {main}\n  thrown in /var/www/APP/autoloader.php on line 55
[Thu May 24 16:24:10.213001 2018] [:error] [pid 17868] [client 192.168.1.117:55133] PHP Fatal error:  Uncaught Exception: Route Not Found! in /var/www/APP/autoloader.php:55\nStack trace:\n#0 /var/www/APP/index.php(5): include_once()\n#1 {main}\n  thrown in /var/www/APP/autoloader.php on line 55
[Thu May 24 16:40:17.525677 2018] [:error] [pid 17129] [client 192.168.1.117:59654] PHP Notice:  Undefined variable: path_router in /var/www/APP/autoloader.php on line 32
[Thu May 24 16:40:17.525759 2018] [:error] [pid 17129] [client 192.168.1.117:59654] PHP Fatal error:  Uncaught Exception: Erro ao localizar arquivo de classe de nome:Core/Router/ReflectionFunctionAbstract.php | Core/Router/ReflectionFunctionAbstract.php in /var/www/APP/autoloader.php:32\nStack trace:\n#0 /var/www/APP/Core/Router/Route.php(63): __autoload('Core/Router/Ref...')\n#1 /var/www/APP/Config/routes.php(7): Core\\Router\\Route::get('/user/{id}', Object(Closure))\n#2 /var/www/APP/autoloader.php(52): include_once('/var/www/APP/Co...')\n#3 /var/www/APP/index.php(5): include_once('/var/www/APP/au...')\n#4 {main}\n  thrown in /var/www/APP/autoloader.php on line 32
[Thu May 24 16:41:01.932690 2018] [:error] [pid 17127] [client 192.168.1.117:59852] PHP Parse error:  syntax error, unexpected 'use' (T_USE) in /var/www/APP/autoloader.php on line 52
[Thu May 24 16:41:12.623638 2018] [:error] [pid 17867] [client 192.168.1.117:59900] PHP Notice:  Undefined variable: path_router in /var/www/APP/autoloader.php on line 32
[Thu May 24 16:41:12.623716 2018] [:error] [pid 17867] [client 192.168.1.117:59900] PHP Fatal error:  Uncaught Exception: Erro ao localizar arquivo de classe de nome:Route.php | Route.php in /var/www/APP/autoloader.php:32\nStack trace:\n#0 /var/www/APP/Config/routes.php(4): __autoload('Route.php')\n#1 /var/www/APP/autoloader.php(52): include_once('/var/www/APP/Co...')\n#2 /var/www/APP/index.php(5): include_once('/var/www/APP/au...')\n#3 {main}\n  thrown in /var/www/APP/autoloader.php on line 32
[Thu May 24 16:41:22.561487 2018] [:error] [pid 17126] [client 192.168.1.117:59901] PHP Notice:  Undefined variable: path_router in /var/www/APP/autoloader.php on line 32
[Thu May 24 16:41:22.561566 2018] [:error] [pid 17126] [client 192.168.1.117:59901] PHP Fatal error:  Uncaught Exception: Erro ao localizar arquivo de classe de nome:Route.php | Route.php in /var/www/APP/autoloader.php:32\nStack trace:\n#0 /var/www/APP/Config/routes.php(4): __autoload('Route.php')\n#1 /var/www/APP/autoloader.php(52): include_once('/var/www/APP/Co...')\n#2 /var/www/APP/index.php(5): include_once('/var/www/APP/au...')\n#3 {main}\n  thrown in /var/www/APP/autoloader.php on line 32
[Thu May 24 16:41:23.411847 2018] [:error] [pid 17126] [client 192.168.1.117:59901] PHP Notice:  Undefined variable: path_router in /var/www/APP/autoloader.php on line 32
[Thu May 24 16:41:23.411938 2018] [:error] [pid 17126] [client 192.168.1.117:59901] PHP Fatal error:  Uncaught Exception: Erro ao localizar arquivo de classe de nome:Route.php | Route.php in /var/www/APP/autoloader.php:32\nStack trace:\n#0 /var/www/APP/Config/routes.php(4): __autoload('Route.php')\n#1 /var/www/APP/autoloader.php(52): include_once('/var/www/APP/Co...')\n#2 /var/www/APP/index.php(5): include_once('/var/www/APP/au...')\n#3 {main}\n  thrown in /var/www/APP/autoloader.php on line 32
[Thu May 24 16:43:55.104525 2018] [:error] [pid 17132] [client 192.168.1.117:60643] PHP Fatal error:  Uncaught Exception: Erro ao localizar arquivo de classe de nome:Route.php | /var/www/APP/Config/Route.php in /var/www/APP/autoloader.php:32\nStack trace:\n#0 /var/www/APP/Config/routes.php(5): __autoload('Route.php')\n#1 /var/www/APP/autoloader.php(52): include_once('/var/www/APP/Co...')\n#2 /var/www/APP/index.php(5): include_once('/var/www/APP/au...')\n#3 {main}\n  thrown in /var/www/APP/autoloader.php on line 32
[Thu May 24 16:44:35.331346 2018] [:error] [pid 17868] [client 192.168.1.117:60817] PHP Fatal error:  Uncaught Error: Class 'Route' not found in /var/www/APP/Config/routes.php:5\nStack trace:\n#0 /var/www/APP/autoloader.php(52): include_once()\n#1 /var/www/APP/index.php(5): include_once('/var/www/APP/au...')\n#2 {main}\n  thrown in /var/www/APP/Config/routes.php on line 5
[Thu May 24 16:45:23.018143 2018] [:error] [pid 17129] [client 192.168.1.117:61041] PHP Warning:  The use statement with non-compound name 'ReflectionFunction' has no effect in /var/www/APP/Core/Router/Route.php on line 5
[Thu May 24 16:50:49.459116 2018] [:error] [pid 17126] [client 192.168.1.117:62528] PHP Notice:  Undefined variable: info2 in /var/www/APP/Core/Router/Route.php on line 67
[Thu May 24 16:50:49.459224 2018] [:error] [pid 17126] [client 192.168.1.117:62528] PHP Fatal error:  Uncaught Error: Call to a member function getParameters() on null in /var/www/APP/Core/Router/Route.php:67\nStack trace:\n#0 /var/www/APP/Config/routes.php(6): Route::get('/user/{id}', Object(Closure))\n#1 /var/www/APP/Core/Application/Environment.php(17): include_once('/var/www/APP/Co...')\n#2 /var/www/APP/index.php(8): Core\\Application\\Environment->run()\n#3 {main}\n  thrown in /var/www/APP/Core/Router/Route.php on line 67
[Thu May 24 16:51:32.946276 2018] [:error] [pid 17869] [client 192.168.1.117:62708] PHP Notice:  Undefined variable: parameter in /var/www/APP/Core/Router/Route.php on line 70
[Thu May 24 17:00:30.037103 2018] [:error] [pid 17866] [client 192.168.1.117:65292] PHP Warning:  preg_match(): No ending delimiter '^' found in /var/www/APP/Core/Router/Route.php on line 59
[Thu May 24 17:00:44.489719 2018] [:error] [pid 17127] [client 192.168.1.117:65358] PHP Warning:  preg_match(): Unknown modifier '$' in /var/www/APP/Core/Router/Route.php on line 59
[Thu May 24 17:14:07.504466 2018] [:error] [pid 17132] [client 192.168.1.117:52755] PHP Fatal error:  Uncaught Error: Class 'Core\\Router\\Route' not found in /var/www/APP/Core/Router/Route.php:59\nStack trace:\n#0 /var/www/APP/Config/routes.php(6): Route::get('/user/{id}', Object(Closure))\n#1 /var/www/APP/Core/Application/Environment.php(17): include_once('/var/www/APP/Co...')\n#2 /var/www/APP/index.php(8): Core\\Application\\Environment->run()\n#3 {main}\n  thrown in /var/www/APP/Core/Router/Route.php on line 59
[Thu May 24 17:14:37.982057 2018] [:error] [pid 17867] [client 192.168.1.117:52894] PHP Parse error:  syntax error, unexpected ')', expecting ']' in /var/www/APP/Core/Router/Route.php on line 69
[Thu May 24 17:15:20.865394 2018] [:error] [pid 17869] [client 192.168.1.117:53077] PHP Parse error:  syntax error, unexpected ')' in /var/www/APP/Core/Router/Route.php on line 77
[Thu May 24 17:23:17.201599 2018] [:error] [pid 17868] [client 192.168.1.117:55254] PHP Notice:  Undefined offset: 3 in /var/www/APP/Core/Router/Route.php on line 70
[Thu May 24 17:23:39.967204 2018] [:error] [pid 17869] [client 192.168.1.117:55351] PHP Notice:  Undefined offset: 3 in /var/www/APP/Core/Router/Route.php on line 70
[Thu May 24 17:23:42.809252 2018] [:error] [pid 17869] [client 192.168.1.117:55351] PHP Notice:  Undefined offset: 3 in /var/www/APP/Core/Router/Route.php on line 70
[Thu May 24 17:26:31.112772 2018] [:error] [pid 17868] [client 192.168.1.117:56098] PHP Fatal error:  Uncaught Exception: Missing params in url! in /var/www/APP/Core/Router/Route.php:80\nStack trace:\n#0 /var/www/APP/Config/routes.php(6): Route::get('/user/{id}/{nam...', Object(Closure))\n#1 /var/www/APP/Core/Application/Environment.php(17): include_once('/var/www/APP/Co...')\n#2 /var/www/APP/index.php(8): Core\\Application\\Environment->run()\n#3 {main}\n  thrown in /var/www/APP/Core/Router/Route.php on line 80
[Thu May 24 17:56:00.081197 2018] [:error] [pid 17126] [client 192.168.1.117:64080] PHP Warning:  call_user_func_array() expects exactly 2 parameters, 1 given in /var/www/APP/Core/Router/Route.php on line 70
[Thu May 24 17:56:13.135145 2018] [:error] [pid 17866] [client 192.168.1.117:64158] PHP Warning:  call_user_func_array() expects exactly 2 parameters, 1 given in /var/www/APP/Core/Router/Route.php on line 70
[Thu May 24 18:12:29.035708 2018] [:error] [pid 17798] [client 192.168.1.117:52277] PHP Warning:  call_user_func_array() expects parameter 1 to be a valid callback, second array member is not a valid method in /var/www/APP/Core/Router/Route.php on line 72
[Thu May 24 18:13:22.652170 2018] [:error] [pid 17129] [client 192.168.1.117:52507] PHP Parse error:  syntax error, unexpected 'Malformed' (T_STRING), expecting ')' in /var/www/APP/Core/Router/Route.php on line 75
[Thu May 24 18:13:35.716907 2018] [:error] [pid 17132] [client 192.168.1.117:52583] PHP Parse error:  syntax error, unexpected 'Malformed' (T_STRING), expecting ')' in /var/www/APP/Core/Router/Route.php on line 75
[Thu May 24 18:14:10.494983 2018] [:error] [pid 17867] [client 192.168.1.117:52737] PHP Parse error:  syntax error, unexpected 'integer' (T_STRING) in /var/www/APP/Core/Router/Route.php on line 95
[Thu May 24 18:15:01.970778 2018] [:error] [pid 17130] [client 192.168.1.117:52950] PHP Warning:  sprintf(): Too few arguments in /var/www/APP/Core/Router/Route.php on line 72
[Thu May 24 18:15:01.970841 2018] [:error] [pid 17130] [client 192.168.1.117:52950] PHP Warning:  call_user_func_array() expects parameter 1 to be a valid callback, first array member is not a valid class name or object in /var/www/APP/Core/Router/Route.php on line 72
[Thu May 24 18:15:17.291895 2018] [:error] [pid 17798] [client 192.168.1.117:53014] PHP Warning:  call_user_func_array() expects parameter 1 to be a valid callback, second array member is not a valid method in /var/www/APP/Core/Router/Route.php on line 72
[Thu May 24 18:15:35.024952 2018] [:error] [pid 17129] [client 192.168.1.117:53110] PHP Warning:  call_user_func_array() expects parameter 1 to be a valid callback, second array member is not a valid method in /var/www/APP/Core/Router/Route.php on line 72
[Thu May 24 18:15:50.216245 2018] [:error] [pid 17132] [client 192.168.1.117:53175] PHP Warning:  call_user_func_array() expects exactly 2 parameters, 1 given in /var/www/APP/Core/Router/Route.php on line 72
[Thu May 24 18:15:56.309544 2018] [:error] [pid 17127] [client 192.168.1.117:53176] PHP Warning:  call_user_func_array() expects parameter 1 to be a valid callback, second array member is not a valid method in /var/www/APP/Core/Router/Route.php on line 72
[Thu May 24 18:17:06.583621 2018] [:error] [pid 17869] [client 192.168.1.117:53508] PHP Warning:  call_user_func_array() expects parameter 1 to be a valid callback, second array member is not a valid method in /var/www/APP/Core/Router/Route.php on line 72
[Thu May 24 18:17:19.070878 2018] [:error] [pid 17126] [client 192.168.1.117:53561] PHP Warning:  call_user_func_array() expects parameter 1 to be a valid callback, class 'Controller\\{$self_obj->getController()}' not found in /var/www/APP/Core/Router/Route.php on line 72
[Thu May 24 18:17:32.458788 2018] [:error] [pid 17866] [client 192.168.1.117:53632] PHP Parse error:  syntax error, unexpected ';', expecting ',' or ')' in /var/www/APP/Core/Router/Route.php on line 72
[Thu May 24 18:17:42.610506 2018] [:error] [pid 17127] [client 192.168.1.117:53694] PHP Warning:  call_user_func_array() expects exactly 2 parameters, 1 given in /var/www/APP/Core/Router/Route.php on line 72
[Thu May 24 18:17:54.502721 2018] [:error] [pid 17868] [client 192.168.1.117:53780] PHP Warning:  call_user_func_array() expects parameter 1 to be a valid callback, class 'Controller\\{$self_obj->getController()}' not found in /var/www/APP/Core/Router/Route.php on line 72
[Thu May 24 18:18:34.394709 2018] [:error] [pid 17869] [client 192.168.1.117:53946] PHP Warning:  call_user_func_array() expects parameter 1 to be a valid callback, class 'Controller\\' not found in /var/www/APP/Core/Router/Route.php on line 72
[Thu May 24 18:18:34.394786 2018] [:error] [pid 17869] [client 192.168.1.117:53946] PHP Fatal error:  Uncaught Exception: Erro ao localizar arquivo de classe de nome:Controller/.php | /var/www/APP/Core/Router/Controller/.php in /var/www/APP/autoloader.php:32\nStack trace:\n#0 /var/www/APP/Core/Router/Route.php(72): __autoload('Controller/.php')\n#1 /var/www/APP/Config/routes.php(3): Route::get('/user', 'UsuarioControll...')\n#2 /var/www/APP/Core/Application/Environment.php(17): include_once('/var/www/APP/Co...')\n#3 /var/www/APP/index.php(8): Core\\Application\\Environment->run()\n#4 {main}\n  thrown in /var/www/APP/autoloader.php on line 32
[Thu May 24 18:20:39.101020 2018] [:error] [pid 17867] [client 192.168.1.117:54498] PHP Warning:  call_user_func_array() expects parameter 1 to be a valid callback, class '\\UsuarioController' not found in /var/www/APP/Core/Router/Route.php on line 72
[Thu May 24 18:22:48.708521 2018] [:error] [pid 17130] [client 192.168.1.117:55188] PHP Warning:  call_user_func_array() expects parameter 1 to be a valid callback, class 'Controller/\\/UsuarioController' not found in /var/www/APP/Core/Router/Route.php on line 72
[Thu May 24 18:23:02.543774 2018] [:error] [pid 17798] [client 192.168.1.117:55245] PHP Warning:  call_user_func_array() expects parameter 1 to be a valid callback, class 'Controller\\/\\UsuarioController' not found in /var/www/APP/Core/Router/Route.php on line 72
[Thu May 24 18:24:36.012572 2018] [:error] [pid 17868] [client 192.168.1.117:55668] PHP Warning:  call_user_func_array() expects parameter 1 to be a valid callback, class 'Controller\\{$self_obj->getController()}' not found in /var/www/APP/Core/Router/Route.php on line 73
[Thu May 24 18:25:27.062694 2018] [:error] [pid 17129] [client 192.168.1.117:55885] PHP Warning:  call_user_func_array() expects parameter 1 to be a valid callback, class 'Controller\\UsuarioController' does not have a method 'inde' in /var/www/APP/Core/Router/Route.php on line 72
[Thu May 24 18:25:58.792797 2018] [:error] [pid 17132] [client 192.168.1.117:56092] PHP Warning:  call_user_func_array() expects parameter 1 to be a valid callback, class 'Controller\\UsuarioController' does not have a method 'inde' in /var/www/APP/Core/Router/Route.php on line 72
[Thu May 24 19:13:07.777000 2018] [:error] [pid 17868] [client 192.168.1.117:52779] PHP Fatal error:  Uncaught Error: Call to undefined function Controller\\View() in /var/www/APP/Controller/UsuarioController.php:15\nStack trace:\n#0 /var/www/APP/Core/Router/Route.php(72): Controller\\UsuarioController::index()\n#1 /var/www/APP/Config/routes.php(3): Route::get('/user', 'UsuarioControll...')\n#2 /var/www/APP/Core/Application/Environment.php(17): include_once('/var/www/APP/Co...')\n#3 /var/www/APP/index.php(8): Core\\Application\\Environment->run()\n#4 {main}\n  thrown in /var/www/APP/Controller/UsuarioController.php on line 15
[Thu May 24 19:13:50.385348 2018] [:error] [pid 17869] [client 192.168.1.117:52959] PHP Fatal error:  Uncaught Error: Call to undefined function Controller\\View() in /var/www/APP/Controller/UsuarioController.php:16\nStack trace:\n#0 /var/www/APP/Core/Router/Route.php(72): Controller\\UsuarioController::index()\n#1 /var/www/APP/Config/routes.php(3): Route::get('/user', 'UsuarioControll...')\n#2 /var/www/APP/Core/Application/Environment.php(17): include_once('/var/www/APP/Co...')\n#3 /var/www/APP/index.php(8): Core\\Application\\Environment->run()\n#4 {main}\n  thrown in /var/www/APP/Controller/UsuarioController.php on line 16
[Thu May 24 19:13:51.168675 2018] [:error] [pid 17869] [client 192.168.1.117:52959] PHP Fatal error:  Uncaught Error: Call to undefined function Controller\\View() in /var/www/APP/Controller/UsuarioController.php:16\nStack trace:\n#0 /var/www/APP/Core/Router/Route.php(72): Controller\\UsuarioController::index()\n#1 /var/www/APP/Config/routes.php(3): Route::get('/user', 'UsuarioControll...')\n#2 /var/www/APP/Core/Application/Environment.php(17): include_once('/var/www/APP/Co...')\n#3 /var/www/APP/index.php(8): Core\\Application\\Environment->run()\n#4 {main}\n  thrown in /var/www/APP/Controller/UsuarioController.php on line 16
[Thu May 24 19:13:51.394603 2018] [:error] [pid 17869] [client 192.168.1.117:52959] PHP Fatal error:  Uncaught Error: Call to undefined function Controller\\View() in /var/www/APP/Controller/UsuarioController.php:16\nStack trace:\n#0 /var/www/APP/Core/Router/Route.php(72): Controller\\UsuarioController::index()\n#1 /var/www/APP/Config/routes.php(3): Route::get('/user', 'UsuarioControll...')\n#2 /var/www/APP/Core/Application/Environment.php(17): include_once('/var/www/APP/Co...')\n#3 /var/www/APP/index.php(8): Core\\Application\\Environment->run()\n#4 {main}\n  thrown in /var/www/APP/Controller/UsuarioController.php on line 16
[Thu May 24 19:13:51.572500 2018] [:error] [pid 17869] [client 192.168.1.117:52959] PHP Fatal error:  Uncaught Error: Call to undefined function Controller\\View() in /var/www/APP/Controller/UsuarioController.php:16\nStack trace:\n#0 /var/www/APP/Core/Router/Route.php(72): Controller\\UsuarioController::index()\n#1 /var/www/APP/Config/routes.php(3): Route::get('/user', 'UsuarioControll...')\n#2 /var/www/APP/Core/Application/Environment.php(17): include_once('/var/www/APP/Co...')\n#3 /var/www/APP/index.php(8): Core\\Application\\Environment->run()\n#4 {main}\n  thrown in /var/www/APP/Controller/UsuarioController.php on line 16
[Thu May 24 19:13:51.738185 2018] [:error] [pid 17869] [client 192.168.1.117:52959] PHP Fatal error:  Uncaught Error: Call to undefined function Controller\\View() in /var/www/APP/Controller/UsuarioController.php:16\nStack trace:\n#0 /var/www/APP/Core/Router/Route.php(72): Controller\\UsuarioController::index()\n#1 /var/www/APP/Config/routes.php(3): Route::get('/user', 'UsuarioControll...')\n#2 /var/www/APP/Core/Application/Environment.php(17): include_once('/var/www/APP/Co...')\n#3 /var/www/APP/index.php(8): Core\\Application\\Environment->run()\n#4 {main}\n  thrown in /var/www/APP/Controller/UsuarioController.php on line 16
[Thu May 24 19:21:02.279447 2018] [:error] [pid 17129] [client 192.168.1.117:54325] PHP Notice:  Use of undefined constant View - assumed 'View' in /var/www/APP/Controller/UsuarioController.php on line 16
[Thu May 24 19:24:10.660302 2018] [:error] [pid 17132] [client 192.168.1.117:54947] PHP Notice:  Use of undefined constant View - assumed 'View' in /var/www/APP/Controller/UsuarioController.php on line 16
[Thu May 24 19:32:28.595396 2018] [:error] [pid 17868] [client 192.168.1.117:56827] PHP Notice:  Use of undefined constant View - assumed 'View' in /var/www/APP/Controller/UsuarioController.php on line 16
[Fri May 25 09:55:56.693661 2018] [:error] [pid 23879] [client 192.168.1.117:56018] PHP Notice:  Use of undefined constant View - assumed 'View' in /var/www/APP/Controller/UsuarioController.php on line 16
[Fri May 25 10:16:06.863639 2018] [:error] [pid 23202] [client 192.168.1.117:61676] PHP Notice:  Use of undefined constant View - assumed 'View' in /var/www/APP/Controller/UsuarioController.php on line 16
[Fri May 25 10:29:40.894863 2018] [:error] [pid 23879] [client 192.168.1.117:65171] PHP Notice:  Use of undefined constant View - assumed 'View' in /var/www/APP/Controller/UsuarioController.php on line 16
[Fri May 25 10:31:08.601409 2018] [:error] [pid 23881] [client 192.168.1.117:49184] PHP Fatal error:  Uncaught Error: Class 'Core\\Viewer\\View' not found in /var/www/APP/Controller/UsuarioController.php:16\nStack trace:\n#0 /var/www/APP/Core/Router/Route.php(72): Controller\\UsuarioController::index()\n#1 /var/www/APP/Config/routes.php(3): Route::get('/user', 'UsuarioControll...')\n#2 /var/www/APP/Core/Application/Environment.php(17): include_once('/var/www/APP/Co...')\n#3 /var/www/APP/index.php(8): Core\\Application\\Environment->run()\n#4 {main}\n  thrown in /var/www/APP/Controller/UsuarioController.php on line 16
[Fri May 25 10:31:20.813901 2018] [:error] [pid 23882] [client 192.168.1.117:49240] PHP Fatal error:  Uncaught Error: Class 'Core\\Viewer\\View' not found in /var/www/APP/Controller/UsuarioController.php:16\nStack trace:\n#0 /var/www/APP/Core/Router/Route.php(72): Controller\\UsuarioController::index()\n#1 /var/www/APP/Config/routes.php(3): Route::get('/user', 'UsuarioControll...')\n#2 /var/www/APP/Core/Application/Environment.php(17): include_once('/var/www/APP/Co...')\n#3 /var/www/APP/index.php(8): Core\\Application\\Environment->run()\n#4 {main}\n  thrown in /var/www/APP/Controller/UsuarioController.php on line 16
[Fri May 25 11:11:11.277721 2018] [:error] [pid 23879] [client 192.168.1.117:60014] PHP Fatal error:  Uncaught Error: Class 'Core\\Viewer\\View' not found in /var/www/APP/Controller/UsuarioController.php:16\nStack trace:\n#0 /var/www/APP/Core/Router/Route.php(72): Controller\\UsuarioController::index()\n#1 /var/www/APP/Config/routes.php(3): Route::get('/user', 'UsuarioControll...')\n#2 /var/www/APP/Core/Application/Environment.php(17): include_once('/var/www/APP/Co...')\n#3 /var/www/APP/index.php(8): Core\\Application\\Environment->run()\n#4 {main}\n  thrown in /var/www/APP/Controller/UsuarioController.php on line 16
[Fri May 25 11:13:19.775180 2018] [:error] [pid 23206] [client 192.168.1.117:60602] PHP Fatal error:  Uncaught Error: Class 'Core\\Viewer\\View' not found in /var/www/APP/Controller/UsuarioController.php:16\nStack trace:\n#0 /var/www/APP/Core/Router/Route.php(72): Controller\\UsuarioController::index()\n#1 /var/www/APP/Config/routes.php(3): Route::get('/user', 'UsuarioControll...')\n#2 /var/www/APP/Core/Application/Environment.php(17): include_once('/var/www/APP/Co...')\n#3 /var/www/APP/index.php(8): Core\\Application\\Environment->run()\n#4 {main}\n  thrown in /var/www/APP/Controller/UsuarioController.php on line 16
[Fri May 25 11:14:37.238613 2018] [:error] [pid 23877] [client 192.168.1.117:60976] PHP Fatal error:  Uncaught Error: Class 'Core\\Viewer\\View' not found in /var/www/APP/Controller/UsuarioController.php:16\nStack trace:\n#0 /var/www/APP/Core/Router/Route.php(72): Controller\\UsuarioController::index()\n#1 /var/www/APP/Config/routes.php(3): Route::get('/user', 'UsuarioControll...')\n#2 /var/www/APP/Core/Application/Environment.php(17): include_once('/var/www/APP/Co...')\n#3 /var/www/APP/index.php(8): Core\\Application\\Environment->run()\n#4 {main}\n  thrown in /var/www/APP/Controller/UsuarioController.php on line 16
[Fri May 25 11:20:45.872295 2018] [:error] [pid 23880] [client 192.168.1.117:62723] PHP Fatal error:  Uncaught Error: Class 'Core\\Viewer\\View' not found in /var/www/APP/Controller/UsuarioController.php:16\nStack trace:\n#0 /var/www/APP/Core/Router/Route.php(72): Controller\\UsuarioController::index()\n#1 /var/www/APP/Config/routes.php(3): Route::get('/user', 'UsuarioControll...')\n#2 /var/www/APP/Core/Application/Environment.php(17): include_once('/var/www/APP/Co...')\n#3 /var/www/APP/index.php(8): Core\\Application\\Environment->run()\n#4 {main}\n  thrown in /var/www/APP/Controller/UsuarioController.php on line 16
[Fri May 25 11:20:46.037017 2018] [:error] [pid 23880] [client 192.168.1.117:62723] PHP Fatal error:  Uncaught Error: Class 'Core\\Viewer\\View' not found in /var/www/APP/Controller/UsuarioController.php:16\nStack trace:\n#0 /var/www/APP/Core/Router/Route.php(72): Controller\\UsuarioController::index()\n#1 /var/www/APP/Config/routes.php(3): Route::get('/user', 'UsuarioControll...')\n#2 /var/www/APP/Core/Application/Environment.php(17): include_once('/var/www/APP/Co...')\n#3 /var/www/APP/index.php(8): Core\\Application\\Environment->run()\n#4 {main}\n  thrown in /var/www/APP/Controller/UsuarioController.php on line 16
[Fri May 25 11:20:49.281838 2018] [:error] [pid 23880] [client 192.168.1.117:62723] PHP Fatal error:  Uncaught Error: Class 'Core\\Viewer\\View' not found in /var/www/APP/Controller/UsuarioController.php:16\nStack trace:\n#0 /var/www/APP/Core/Router/Route.php(72): Controller\\UsuarioController::index()\n#1 /var/www/APP/Config/routes.php(3): Route::get('/user', 'UsuarioControll...')\n#2 /var/www/APP/Core/Application/Environment.php(17): include_once('/var/www/APP/Co...')\n#3 /var/www/APP/index.php(8): Core\\Application\\Environment->run()\n#4 {main}\n  thrown in /var/www/APP/Controller/UsuarioController.php on line 16
[Fri May 25 11:21:35.005794 2018] [:error] [pid 23200] [client 192.168.1.117:62965] PHP Fatal error:  Uncaught Error: Class 'Core\\Viewer\\View' not found in /var/www/APP/Controller/UsuarioController.php:16\nStack trace:\n#0 /var/www/APP/Core/Router/Route.php(72): Controller\\UsuarioController::index()\n#1 /var/www/APP/Config/routes.php(3): Route::get('/user', 'UsuarioControll...')\n#2 /var/www/APP/Core/Application/Environment.php(17): include_once('/var/www/APP/Co...')\n#3 /var/www/APP/index.php(8): Core\\Application\\Environment->run()\n#4 {main}\n  thrown in /var/www/APP/Controller/UsuarioController.php on line 16
[Fri May 25 11:29:11.142168 2018] [:error] [pid 23205] [client 192.168.1.117:65081] PHP Fatal error:  Uncaught Error: Class 'Core\\Viewer\\View' not found in /var/www/APP/Controller/UsuarioController.php:16\nStack trace:\n#0 /var/www/APP/Core/Router/Route.php(72): Controller\\UsuarioController::index()\n#1 /var/www/APP/Config/routes.php(4): Route::get('/user', 'UsuarioControll...')\n#2 /var/www/APP/Core/Application/Environment.php(17): include_once('/var/www/APP/Co...')\n#3 /var/www/APP/index.php(8): Core\\Application\\Environment->run()\n#4 {main}\n  thrown in /var/www/APP/Controller/UsuarioController.php on line 16
[Fri May 25 11:29:40.599501 2018] [:error] [pid 23202] [client 192.168.1.117:65207] PHP Warning:  implode(): Invalid arguments passed in /var/www/APP/Core/Viewer/View.php on line 25
[Fri May 25 11:29:51.506361 2018] [:error] [pid 23879] [client 192.168.1.117:65257] PHP Warning:  implode(): Invalid arguments passed in /var/www/APP/Core/Viewer/View.php on line 25
[Fri May 25 11:29:58.792020 2018] [:error] [pid 23877] [client 192.168.1.117:65258] PHP Warning:  implode(): Invalid arguments passed in /var/www/APP/Core/Viewer/View.php on line 25
[Fri May 25 11:46:04.301615 2018] [:error] [pid 23881] [client 192.168.1.117:53371] PHP Fatal error:  Uncaught Exception: Erro ao localizar arquivo de classe de nome:Core/Viewer/Smarty.php | /var/www/APP/Core/Router/Core/Viewer/Smarty.php in /var/www/APP/autoloader.php:33\nStack trace:\n#0 /var/www/APP/Core/Viewer/View.php(28): __autoload('Core/Viewer/Sma...')\n#1 /var/www/APP/Core/Viewer/View.php(13): Core\\Viewer\\View->checkIsValidTemplate()\n#2 /var/www/APP/Controller/UsuarioController.php(16): Core\\Viewer\\View->__construct('usuario|index')\n#3 /var/www/APP/Core/Router/Route.php(72): Controller\\UsuarioController::index()\n#4 /var/www/APP/Config/routes.php(4): Route::get('/user', 'UsuarioControll...')\n#5 /var/www/APP/Core/Application/Environment.php(18): include_once('/var/www/APP/Co...')\n#6 /var/www/APP/index.php(8): Core\\Application\\Environment->run()\n#7 {main}\n  thrown in /var/www/APP/autoloader.php on line 33
[Fri May 25 11:46:37.741346 2018] [:error] [pid 23206] [client 192.168.1.117:53509] PHP Fatal error:  Uncaught Exception: Erro ao localizar arquivo de classe de nome:Core/Viewer/Core/Smarty/Smarty.php | /var/www/APP/Core/Router/Core/Viewer/Core/Smarty/Smarty.php in /var/www/APP/autoloader.php:33\nStack trace:\n#0 /var/www/APP/Core/Viewer/View.php(28): __autoload('Core/Viewer/Cor...')\n#1 /var/www/APP/Core/Viewer/View.php(13): Core\\Viewer\\View->checkIsValidTemplate()\n#2 /var/www/APP/Controller/UsuarioController.php(16): Core\\Viewer\\View->__construct('usuario|index')\n#3 /var/www/APP/Core/Router/Route.php(72): Controller\\UsuarioController::index()\n#4 /var/www/APP/Config/routes.php(4): Route::get('/user', 'UsuarioControll...')\n#5 /var/www/APP/Core/Application/Environment.php(18): include_once('/var/www/APP/Co...')\n#6 /var/www/APP/index.php(8): Core\\Application\\Environment->run()\n#7 {main}\n  thrown in /var/www/APP/autoloader.php on line 33
[Fri May 25 11:47:13.960837 2018] [:error] [pid 23877] [client 192.168.1.117:53658] PHP Fatal error:  Uncaught Exception: Erro ao localizar arquivo de classe de nome:Core/Smarty/Smarty.php | /var/www/APP/Core/Router/Core/Smarty/Smarty.php in /var/www/APP/autoloader.php:33\nStack trace:\n#0 /var/www/APP/Core/Viewer/View.php(30): __autoload('Core/Smarty/Sma...')\n#1 /var/www/APP/Core/Viewer/View.php(15): Core\\Viewer\\View->checkIsValidTemplate()\n#2 /var/www/APP/Controller/UsuarioController.php(16): Core\\Viewer\\View->__construct('usuario|index')\n#3 /var/www/APP/Core/Router/Route.php(72): Controller\\UsuarioController::index()\n#4 /var/www/APP/Config/routes.php(4): Route::get('/user', 'UsuarioControll...')\n#5 /var/www/APP/Core/Application/Environment.php(18): include_once('/var/www/APP/Co...')\n#6 /var/www/APP/index.php(8): Core\\Application\\Environment->run()\n#7 {main}\n  thrown in /var/www/APP/autoloader.php on line 33
[Fri May 25 11:48:36.306638 2018] [:error] [pid 23882] [client 192.168.1.117:54022] PHP Fatal error:  Uncaught LogicException: Function 'smartyAutoload' not found (function 'smartyAutoload' not found or invalid function name) in /var/www/APP/Core/Smarty/Smarty.php:81\nStack trace:\n#0 /var/www/APP/Core/Smarty/Smarty.php(81): spl_autoload_register('smartyAutoload')\n#1 /var/www/APP/autoloader.php(31): include_once('/var/www/APP/Co...')\n#2 /var/www/APP/Core/Viewer/View.php(30): __autoload('Core/Smarty/Sma...')\n#3 /var/www/APP/Core/Viewer/View.php(15): Core\\Viewer\\View->checkIsValidTemplate()\n#4 /var/www/APP/Controller/UsuarioController.php(16): Core\\Viewer\\View->__construct('usuario|index')\n#5 /var/www/APP/Core/Router/Route.php(72): Controller\\UsuarioController::index()\n#6 /var/www/APP/Config/routes.php(4): Route::get('/user', 'UsuarioControll...')\n#7 /var/www/APP/Core/Application/Environment.php(18): include_once('/var/www/APP/Co...')\n#8 /var/www/APP/index.php(8): Core\\Application\\Environment->run()\n#9 {main}\n  thrown in /var/www/APP/Core/Smarty/Smarty.php on line 81
[Fri May 25 11:49:24.266446 2018] [:error] [pid 23204] [client 192.168.1.117:54222] PHP Fatal error:  Uncaught LogicException: Function 'smartyAutoload' not found (function 'smartyAutoload' not found or invalid function name) in /var/www/APP/Core/Smarty/Smarty.php:81\nStack trace:\n#0 /var/www/APP/Core/Smarty/Smarty.php(81): spl_autoload_register('smartyAutoload')\n#1 /var/www/APP/autoloader.php(31): include_once('/var/www/APP/Co...')\n#2 /var/www/APP/Core/Viewer/View.php(30): __autoload('Core/Smarty/Sma...')\n#3 /var/www/APP/Core/Viewer/View.php(15): Core\\Viewer\\View->checkIsValidTemplate()\n#4 /var/www/APP/Controller/UsuarioController.php(16): Core\\Viewer\\View->__construct('usuario|index')\n#5 /var/www/APP/Core/Router/Route.php(72): Controller\\UsuarioController::index()\n#6 /var/www/APP/Config/routes.php(4): Route::get('/user', 'UsuarioControll...')\n#7 /var/www/APP/Core/Application/Environment.php(18): include_once('/var/www/APP/Co...')\n#8 /var/www/APP/index.php(8): Core\\Application\\Environment->run()\n#9 {main}\n  thrown in /var/www/APP/Core/Smarty/Smarty.php on line 81
[Fri May 25 11:50:08.636460 2018] [:error] [pid 23881] [client 192.168.1.117:54409] PHP Fatal error:  Uncaught LogicException: Function 'smartyAutoload' not found (function 'smartyAutoload' not found or invalid function name) in /var/www/APP/Core/Smarty/Smarty.php:81\nStack trace:\n#0 /var/www/APP/Core/Smarty/Smarty.php(81): spl_autoload_register('smartyAutoload')\n#1 /var/www/APP/autoloader.php(31): include_once('/var/www/APP/Co...')\n#2 /var/www/APP/Core/Viewer/View.php(30): __autoload('Core/Smarty/Sma...')\n#3 /var/www/APP/Core/Viewer/View.php(15): Core\\Viewer\\View->checkIsValidTemplate()\n#4 /var/www/APP/Controller/UsuarioController.php(16): Core\\Viewer\\View->__construct('usuario|index')\n#5 /var/www/APP/Core/Router/Route.php(72): Controller\\UsuarioController::index()\n#6 /var/www/APP/Config/routes.php(4): Route::get('/user', 'UsuarioControll...')\n#7 /var/www/APP/Core/Application/Environment.php(18): include_once('/var/www/APP/Co...')\n#8 /var/www/APP/index.php(8): Core\\Application\\Environment->run()\n#9 {main}\n  thrown in /var/www/APP/Core/Smarty/Smarty.php on line 81
[Fri May 25 11:50:09.294749 2018] [:error] [pid 23881] [client 192.168.1.117:54409] PHP Fatal error:  Uncaught LogicException: Function 'smartyAutoload' not found (function 'smartyAutoload' not found or invalid function name) in /var/www/APP/Core/Smarty/Smarty.php:81\nStack trace:\n#0 /var/www/APP/Core/Smarty/Smarty.php(81): spl_autoload_register('smartyAutoload')\n#1 /var/www/APP/autoloader.php(31): include_once('/var/www/APP/Co...')\n#2 /var/www/APP/Core/Viewer/View.php(30): __autoload('Core/Smarty/Sma...')\n#3 /var/www/APP/Core/Viewer/View.php(15): Core\\Viewer\\View->checkIsValidTemplate()\n#4 /var/www/APP/Controller/UsuarioController.php(16): Core\\Viewer\\View->__construct('usuario|index')\n#5 /var/www/APP/Core/Router/Route.php(72): Controller\\UsuarioController::index()\n#6 /var/www/APP/Config/routes.php(4): Route::get('/user', 'UsuarioControll...')\n#7 /var/www/APP/Core/Application/Environment.php(18): include_once('/var/www/APP/Co...')\n#8 /var/www/APP/index.php(8): Core\\Application\\Environment->run()\n#9 {main}\n  thrown in /var/www/APP/Core/Smarty/Smarty.php on line 81
[Fri May 25 11:50:09.464863 2018] [:error] [pid 23881] [client 192.168.1.117:54409] PHP Fatal error:  Uncaught LogicException: Function 'smartyAutoload' not found (function 'smartyAutoload' not found or invalid function name) in /var/www/APP/Core/Smarty/Smarty.php:81\nStack trace:\n#0 /var/www/APP/Core/Smarty/Smarty.php(81): spl_autoload_register('smartyAutoload')\n#1 /var/www/APP/autoloader.php(31): include_once('/var/www/APP/Co...')\n#2 /var/www/APP/Core/Viewer/View.php(30): __autoload('Core/Smarty/Sma...')\n#3 /var/www/APP/Core/Viewer/View.php(15): Core\\Viewer\\View->checkIsValidTemplate()\n#4 /var/www/APP/Controller/UsuarioController.php(16): Core\\Viewer\\View->__construct('usuario|index')\n#5 /var/www/APP/Core/Router/Route.php(72): Controller\\UsuarioController::index()\n#6 /var/www/APP/Config/routes.php(4): Route::get('/user', 'UsuarioControll...')\n#7 /var/www/APP/Core/Application/Environment.php(18): include_once('/var/www/APP/Co...')\n#8 /var/www/APP/index.php(8): Core\\Application\\Environment->run()\n#9 {main}\n  thrown in /var/www/APP/Core/Smarty/Smarty.php on line 81
[Fri May 25 11:50:09.622797 2018] [:error] [pid 23881] [client 192.168.1.117:54409] PHP Fatal error:  Uncaught LogicException: Function 'smartyAutoload' not found (function 'smartyAutoload' not found or invalid function name) in /var/www/APP/Core/Smarty/Smarty.php:81\nStack trace:\n#0 /var/www/APP/Core/Smarty/Smarty.php(81): spl_autoload_register('smartyAutoload')\n#1 /var/www/APP/autoloader.php(31): include_once('/var/www/APP/Co...')\n#2 /var/www/APP/Core/Viewer/View.php(30): __autoload('Core/Smarty/Sma...')\n#3 /var/www/APP/Core/Viewer/View.php(15): Core\\Viewer\\View->checkIsValidTemplate()\n#4 /var/www/APP/Controller/UsuarioController.php(16): Core\\Viewer\\View->__construct('usuario|index')\n#5 /var/www/APP/Core/Router/Route.php(72): Controller\\UsuarioController::index()\n#6 /var/www/APP/Config/routes.php(4): Route::get('/user', 'UsuarioControll...')\n#7 /var/www/APP/Core/Application/Environment.php(18): include_once('/var/www/APP/Co...')\n#8 /var/www/APP/index.php(8): Core\\Application\\Environment->run()\n#9 {main}\n  thrown in /var/www/APP/Core/Smarty/Smarty.php on line 81
[Fri May 25 11:50:09.763577 2018] [:error] [pid 23881] [client 192.168.1.117:54409] PHP Fatal error:  Uncaught LogicException: Function 'smartyAutoload' not found (function 'smartyAutoload' not found or invalid function name) in /var/www/APP/Core/Smarty/Smarty.php:81\nStack trace:\n#0 /var/www/APP/Core/Smarty/Smarty.php(81): spl_autoload_register('smartyAutoload')\n#1 /var/www/APP/autoloader.php(31): include_once('/var/www/APP/Co...')\n#2 /var/www/APP/Core/Viewer/View.php(30): __autoload('Core/Smarty/Sma...')\n#3 /var/www/APP/Core/Viewer/View.php(15): Core\\Viewer\\View->checkIsValidTemplate()\n#4 /var/www/APP/Controller/UsuarioController.php(16): Core\\Viewer\\View->__construct('usuario|index')\n#5 /var/www/APP/Core/Router/Route.php(72): Controller\\UsuarioController::index()\n#6 /var/www/APP/Config/routes.php(4): Route::get('/user', 'UsuarioControll...')\n#7 /var/www/APP/Core/Application/Environment.php(18): include_once('/var/www/APP/Co...')\n#8 /var/www/APP/index.php(8): Core\\Application\\Environment->run()\n#9 {main}\n  thrown in /var/www/APP/Core/Smarty/Smarty.php on line 81
[Fri May 25 11:51:15.777064 2018] [:error] [pid 23206] [client 192.168.1.117:54825] PHP Fatal error:  Uncaught LogicException: Function 'smartyAutoload' not found (function 'smartyAutoload' not found or invalid function name) in /var/www/APP/Core/Smarty/Smarty.php:81\nStack trace:\n#0 /var/www/APP/Core/Smarty/Smarty.php(81): spl_autoload_register('smartyAutoload')\n#1 /var/www/APP/autoloader.php(31): include_once('/var/www/APP/Co...')\n#2 /var/www/APP/Core/Viewer/View.php(30): __autoload('Core/Smarty/Sma...')\n#3 /var/www/APP/Core/Viewer/View.php(15): Core\\Viewer\\View->checkIsValidTemplate()\n#4 /var/www/APP/Controller/UsuarioController.php(16): Core\\Viewer\\View->__construct('usuario|index')\n#5 /var/www/APP/Core/Router/Route.php(72): Controller\\UsuarioController::index()\n#6 /var/www/APP/Config/routes.php(4): Route::get('/user', 'UsuarioControll...')\n#7 /var/www/APP/Core/Application/Environment.php(18): include_once('/var/www/APP/Co...')\n#8 /var/www/APP/index.php(8): Core\\Application\\Environment->run()\n#9 {main}\n  thrown in /var/www/APP/Core/Smarty/Smarty.php on line 81
[Fri May 25 11:54:33.011920 2018] [:error] [pid 23204] [client 192.168.1.117:55699] PHP Fatal error:  Uncaught LogicException: Function 'smartyAutoload' not found (function 'smartyAutoload' not found or invalid function name) in /var/www/APP/Core/Smarty/Smarty.php:81\nStack trace:\n#0 /var/www/APP/Core/Smarty/Smarty.php(81): spl_autoload_register('smartyAutoload')\n#1 /var/www/APP/autoloader.php(31): include_once('/var/www/APP/Co...')\n#2 /var/www/APP/Core/Viewer/View.php(30): __autoload('Core/Smarty/Sma...')\n#3 /var/www/APP/Core/Viewer/View.php(15): Core\\Viewer\\View->checkIsValidTemplate()\n#4 /var/www/APP/Controller/UsuarioController.php(16): Core\\Viewer\\View->__construct('usuario|index')\n#5 /var/www/APP/Core/Router/Route.php(72): Controller\\UsuarioController::index()\n#6 /var/www/APP/Config/routes.php(4): Route::get('/user', 'UsuarioControll...')\n#7 /var/www/APP/Core/Application/Environment.php(18): include_once('/var/www/APP/Co...')\n#8 /var/www/APP/index.php(8): Core\\Application\\Environment->run()\n#9 {main}\n  thrown in /var/www/APP/Core/Smarty/Smarty.php on line 81
[Fri May 25 11:54:33.953997 2018] [:error] [pid 23204] [client 192.168.1.117:55699] PHP Fatal error:  Uncaught LogicException: Function 'smartyAutoload' not found (function 'smartyAutoload' not found or invalid function name) in /var/www/APP/Core/Smarty/Smarty.php:81\nStack trace:\n#0 /var/www/APP/Core/Smarty/Smarty.php(81): spl_autoload_register('smartyAutoload')\n#1 /var/www/APP/autoloader.php(31): include_once('/var/www/APP/Co...')\n#2 /var/www/APP/Core/Viewer/View.php(30): __autoload('Core/Smarty/Sma...')\n#3 /var/www/APP/Core/Viewer/View.php(15): Core\\Viewer\\View->checkIsValidTemplate()\n#4 /var/www/APP/Controller/UsuarioController.php(16): Core\\Viewer\\View->__construct('usuario|index')\n#5 /var/www/APP/Core/Router/Route.php(72): Controller\\UsuarioController::index()\n#6 /var/www/APP/Config/routes.php(4): Route::get('/user', 'UsuarioControll...')\n#7 /var/www/APP/Core/Application/Environment.php(18): include_once('/var/www/APP/Co...')\n#8 /var/www/APP/index.php(8): Core\\Application\\Environment->run()\n#9 {main}\n  thrown in /var/www/APP/Core/Smarty/Smarty.php on line 81
[Fri May 25 11:55:35.701961 2018] [:error] [pid 23881] [client 192.168.1.117:55959] PHP Fatal error:  Uncaught LogicException: Function 'smartyAutoload' not found (function 'smartyAutoload' not found or invalid function name) in /var/www/APP/Core/Smarty/Smarty.php:81\nStack trace:\n#0 /var/www/APP/Core/Smarty/Smarty.php(81): spl_autoload_register('smartyAutoload')\n#1 /var/www/APP/autoloader.php(31): include_once('/var/www/APP/Co...')\n#2 /var/www/APP/Core/Viewer/View.php(30): __autoload('Core/Smarty/Sma...')\n#3 /var/www/APP/Core/Viewer/View.php(15): Core\\Viewer\\View->checkIsValidTemplate()\n#4 /var/www/APP/Controller/UsuarioController.php(16): Core\\Viewer\\View->__construct('usuario|index')\n#5 /var/www/APP/Core/Router/Route.php(72): Controller\\UsuarioController::index()\n#6 /var/www/APP/Config/routes.php(4): Route::get('/user', 'UsuarioControll...')\n#7 /var/www/APP/Core/Application/Environment.php(18): include_once('/var/www/APP/Co...')\n#8 /var/www/APP/index.php(8): Core\\Application\\Environment->run()\n#9 {main}\n  thrown in /var/www/APP/Core/Smarty/Smarty.php on line 81
[Fri May 25 11:57:32.712216 2018] [:error] [pid 23206] [client 192.168.1.117:56438] PHP Fatal error:  Uncaught LogicException: Function 'smartyAutoload' not found (function 'smartyAutoload' not found or invalid function name) in /var/www/APP/Core/Smarty/Smarty.php:81\nStack trace:\n#0 /var/www/APP/Core/Smarty/Smarty.php(81): spl_autoload_register('smartyAutoload')\n#1 /var/www/APP/autoloader.php(31): include_once('/var/www/APP/Co...')\n#2 /var/www/APP/Core/Viewer/View.php(30): __autoload('Core/Smarty/Sma...')\n#3 /var/www/APP/Core/Viewer/View.php(15): Core\\Viewer\\View->checkIsValidTemplate()\n#4 /var/www/APP/Controller/UsuarioController.php(16): Core\\Viewer\\View->__construct('usuario|index')\n#5 /var/www/APP/Core/Router/Route.php(72): Controller\\UsuarioController::index()\n#6 /var/www/APP/Config/routes.php(4): Route::get('/user', 'UsuarioControll...')\n#7 /var/www/APP/Core/Application/Environment.php(18): include_once('/var/www/APP/Co...')\n#8 /var/www/APP/index.php(8): Core\\Application\\Environment->run()\n#9 {main}\n  thrown in /var/www/APP/Core/Smarty/Smarty.php on line 81
[Fri May 25 11:58:37.256452 2018] [:error] [pid 23877] [client 192.168.1.117:56753] PHP Fatal error:  Uncaught LogicException: Function 'smartyAutoload' not found (function 'smartyAutoload' not found or invalid function name) in /var/www/APP/Core/Smarty/Smarty.php:81\nStack trace:\n#0 /var/www/APP/Core/Smarty/Smarty.php(81): spl_autoload_register('smartyAutoload')\n#1 /var/www/APP/autoloader.php(31): include_once('/var/www/APP/Co...')\n#2 /var/www/APP/Core/Viewer/View.php(30): __autoload('Core/Smarty/Sma...')\n#3 /var/www/APP/Core/Viewer/View.php(15): Core\\Viewer\\View->checkIsValidTemplate()\n#4 /var/www/APP/Controller/UsuarioController.php(16): Core\\Viewer\\View->__construct('usuario|index')\n#5 /var/www/APP/Core/Router/Route.php(72): Controller\\UsuarioController::index()\n#6 /var/www/APP/Config/routes.php(4): Route::get('/user', 'UsuarioControll...')\n#7 /var/www/APP/Core/Application/Environment.php(18): include_once('/var/www/APP/Co...')\n#8 /var/www/APP/index.php(8): Core\\Application\\Environment->run()\n#9 {main}\n  thrown in /var/www/APP/Core/Smarty/Smarty.php on line 81
[Fri May 25 11:58:38.003996 2018] [:error] [pid 23877] [client 192.168.1.117:56753] PHP Fatal error:  Uncaught LogicException: Function 'smartyAutoload' not found (function 'smartyAutoload' not found or invalid function name) in /var/www/APP/Core/Smarty/Smarty.php:81\nStack trace:\n#0 /var/www/APP/Core/Smarty/Smarty.php(81): spl_autoload_register('smartyAutoload')\n#1 /var/www/APP/autoloader.php(31): include_once('/var/www/APP/Co...')\n#2 /var/www/APP/Core/Viewer/View.php(30): __autoload('Core/Smarty/Sma...')\n#3 /var/www/APP/Core/Viewer/View.php(15): Core\\Viewer\\View->checkIsValidTemplate()\n#4 /var/www/APP/Controller/UsuarioController.php(16): Core\\Viewer\\View->__construct('usuario|index')\n#5 /var/www/APP/Core/Router/Route.php(72): Controller\\UsuarioController::index()\n#6 /var/www/APP/Config/routes.php(4): Route::get('/user', 'UsuarioControll...')\n#7 /var/www/APP/Core/Application/Environment.php(18): include_once('/var/www/APP/Co...')\n#8 /var/www/APP/index.php(8): Core\\Application\\Environment->run()\n#9 {main}\n  thrown in /var/www/APP/Core/Smarty/Smarty.php on line 81
[Fri May 25 11:58:38.382336 2018] [:error] [pid 23877] [client 192.168.1.117:56753] PHP Fatal error:  Uncaught LogicException: Function 'smartyAutoload' not found (function 'smartyAutoload' not found or invalid function name) in /var/www/APP/Core/Smarty/Smarty.php:81\nStack trace:\n#0 /var/www/APP/Core/Smarty/Smarty.php(81): spl_autoload_register('smartyAutoload')\n#1 /var/www/APP/autoloader.php(31): include_once('/var/www/APP/Co...')\n#2 /var/www/APP/Core/Viewer/View.php(30): __autoload('Core/Smarty/Sma...')\n#3 /var/www/APP/Core/Viewer/View.php(15): Core\\Viewer\\View->checkIsValidTemplate()\n#4 /var/www/APP/Controller/UsuarioController.php(16): Core\\Viewer\\View->__construct('usuario|index')\n#5 /var/www/APP/Core/Router/Route.php(72): Controller\\UsuarioController::index()\n#6 /var/www/APP/Config/routes.php(4): Route::get('/user', 'UsuarioControll...')\n#7 /var/www/APP/Core/Application/Environment.php(18): include_once('/var/www/APP/Co...')\n#8 /var/www/APP/index.php(8): Core\\Application\\Environment->run()\n#9 {main}\n  thrown in /var/www/APP/Core/Smarty/Smarty.php on line 81
[Fri May 25 11:58:38.563155 2018] [:error] [pid 23877] [client 192.168.1.117:56753] PHP Fatal error:  Uncaught LogicException: Function 'smartyAutoload' not found (function 'smartyAutoload' not found or invalid function name) in /var/www/APP/Core/Smarty/Smarty.php:81\nStack trace:\n#0 /var/www/APP/Core/Smarty/Smarty.php(81): spl_autoload_register('smartyAutoload')\n#1 /var/www/APP/autoloader.php(31): include_once('/var/www/APP/Co...')\n#2 /var/www/APP/Core/Viewer/View.php(30): __autoload('Core/Smarty/Sma...')\n#3 /var/www/APP/Core/Viewer/View.php(15): Core\\Viewer\\View->checkIsValidTemplate()\n#4 /var/www/APP/Controller/UsuarioController.php(16): Core\\Viewer\\View->__construct('usuario|index')\n#5 /var/www/APP/Core/Router/Route.php(72): Controller\\UsuarioController::index()\n#6 /var/www/APP/Config/routes.php(4): Route::get('/user', 'UsuarioControll...')\n#7 /var/www/APP/Core/Application/Environment.php(18): include_once('/var/www/APP/Co...')\n#8 /var/www/APP/index.php(8): Core\\Application\\Environment->run()\n#9 {main}\n  thrown in /var/www/APP/Core/Smarty/Smarty.php on line 81
[Fri May 25 11:58:38.762160 2018] [:error] [pid 23877] [client 192.168.1.117:56753] PHP Fatal error:  Uncaught LogicException: Function 'smartyAutoload' not found (function 'smartyAutoload' not found or invalid function name) in /var/www/APP/Core/Smarty/Smarty.php:81\nStack trace:\n#0 /var/www/APP/Core/Smarty/Smarty.php(81): spl_autoload_register('smartyAutoload')\n#1 /var/www/APP/autoloader.php(31): include_once('/var/www/APP/Co...')\n#2 /var/www/APP/Core/Viewer/View.php(30): __autoload('Core/Smarty/Sma...')\n#3 /var/www/APP/Core/Viewer/View.php(15): Core\\Viewer\\View->checkIsValidTemplate()\n#4 /var/www/APP/Controller/UsuarioController.php(16): Core\\Viewer\\View->__construct('usuario|index')\n#5 /var/www/APP/Core/Router/Route.php(72): Controller\\UsuarioController::index()\n#6 /var/www/APP/Config/routes.php(4): Route::get('/user', 'UsuarioControll...')\n#7 /var/www/APP/Core/Application/Environment.php(18): include_once('/var/www/APP/Co...')\n#8 /var/www/APP/index.php(8): Core\\Application\\Environment->run()\n#9 {main}\n  thrown in /var/www/APP/Core/Smarty/Smarty.php on line 81
[Fri May 25 11:58:38.924172 2018] [:error] [pid 23877] [client 192.168.1.117:56753] PHP Fatal error:  Uncaught LogicException: Function 'smartyAutoload' not found (function 'smartyAutoload' not found or invalid function name) in /var/www/APP/Core/Smarty/Smarty.php:81\nStack trace:\n#0 /var/www/APP/Core/Smarty/Smarty.php(81): spl_autoload_register('smartyAutoload')\n#1 /var/www/APP/autoloader.php(31): include_once('/var/www/APP/Co...')\n#2 /var/www/APP/Core/Viewer/View.php(30): __autoload('Core/Smarty/Sma...')\n#3 /var/www/APP/Core/Viewer/View.php(15): Core\\Viewer\\View->checkIsValidTemplate()\n#4 /var/www/APP/Controller/UsuarioController.php(16): Core\\Viewer\\View->__construct('usuario|index')\n#5 /var/www/APP/Core/Router/Route.php(72): Controller\\UsuarioController::index()\n#6 /var/www/APP/Config/routes.php(4): Route::get('/user', 'UsuarioControll...')\n#7 /var/www/APP/Core/Application/Environment.php(18): include_once('/var/www/APP/Co...')\n#8 /var/www/APP/index.php(8): Core\\Application\\Environment->run()\n#9 {main}\n  thrown in /var/www/APP/Core/Smarty/Smarty.php on line 81
[Fri May 25 13:40:08.463567 2018] [:error] [pid 23879] [client 192.168.1.117:52481] PHP Fatal error:  Uncaught LogicException: Function 'smartyAutoload' not found (function 'smartyAutoload' not found or invalid function name) in /var/www/APP/Core/Smarty/Smarty.php:81\nStack trace:\n#0 /var/www/APP/Core/Smarty/Smarty.php(81): spl_autoload_register('smartyAutoload')\n#1 /var/www/APP/autoloader.php(31): include_once('/var/www/APP/Co...')\n#2 /var/www/APP/Core/Viewer/View.php(30): __autoload('Core/Smarty/Sma...')\n#3 /var/www/APP/Core/Viewer/View.php(15): Core\\Viewer\\View->checkIsValidTemplate()\n#4 /var/www/APP/Controller/UsuarioController.php(16): Core\\Viewer\\View->__construct('usuario|index')\n#5 /var/www/APP/Core/Router/Route.php(72): Controller\\UsuarioController::index()\n#6 /var/www/APP/Config/routes.php(4): Route::get('/user', 'UsuarioControll...')\n#7 /var/www/APP/Core/Application/Environment.php(18): include_once('/var/www/APP/Co...')\n#8 /var/www/APP/index.php(8): Core\\Application\\Environment->run()\n#9 {main}\n  thrown in /var/www/APP/Core/Smarty/Smarty.php on line 81
[Fri May 25 13:41:28.469805 2018] [:error] [pid 23882] [client 192.168.1.117:52528] PHP Fatal error:  Uncaught LogicException: Function 'smartyAutoload' not found (function 'smartyAutoload' not found or invalid function name) in /var/www/APP/Core/Smarty/Smarty.php:81\nStack trace:\n#0 /var/www/APP/Core/Smarty/Smarty.php(81): spl_autoload_register('smartyAutoload')\n#1 /var/www/APP/autoloader.php(31): include_once('/var/www/APP/Co...')\n#2 /var/www/APP/Core/Viewer/View.php(30): __autoload('Core/Smarty/Sma...')\n#3 /var/www/APP/Core/Viewer/View.php(15): Core\\Viewer\\View->checkIsValidTemplate()\n#4 /var/www/APP/Controller/UsuarioController.php(16): Core\\Viewer\\View->__construct('usuario|index')\n#5 /var/www/APP/Core/Router/Route.php(72): Controller\\UsuarioController::index()\n#6 /var/www/APP/Config/routes.php(4): Route::get('/user', 'UsuarioControll...')\n#7 /var/www/APP/Core/Application/Environment.php(18): include_once('/var/www/APP/Co...')\n#8 /var/www/APP/index.php(8): Core\\Application\\Environment->run()\n#9 {main}\n  thrown in /var/www/APP/Core/Smarty/Smarty.php on line 81
[Fri May 25 13:41:37.943118 2018] [:error] [pid 25093] [client 192.168.1.117:52529] PHP Fatal error:  Uncaught LogicException: Function 'smartyAutoload' not found (function 'smartyAutoload' not found or invalid function name) in /var/www/APP/Core/Smarty/Smarty.php:81\nStack trace:\n#0 /var/www/APP/Core/Smarty/Smarty.php(81): spl_autoload_register('smartyAutoload')\n#1 /var/www/APP/autoloader.php(31): include_once('/var/www/APP/Co...')\n#2 /var/www/APP/Core/Viewer/View.php(30): __autoload('Core/Smarty/Sma...')\n#3 /var/www/APP/Core/Viewer/View.php(15): Core\\Viewer\\View->checkIsValidTemplate()\n#4 /var/www/APP/Controller/UsuarioController.php(16): Core\\Viewer\\View->__construct('usuario|index')\n#5 /var/www/APP/Core/Router/Route.php(72): Controller\\UsuarioController::index()\n#6 /var/www/APP/Config/routes.php(4): Route::get('/user', 'UsuarioControll...')\n#7 /var/www/APP/Core/Application/Environment.php(18): include_once('/var/www/APP/Co...')\n#8 /var/www/APP/index.php(8): Core\\Application\\Environment->run()\n#9 {main}\n  thrown in /var/www/APP/Core/Smarty/Smarty.php on line 81
[Fri May 25 13:46:19.743499 2018] [:error] [pid 23202] [client 192.168.1.117:52581] PHP Fatal error:  Uncaught LogicException: Function 'smartyAutoload' not found (function 'smartyAutoload' not found or invalid function name) in /var/www/APP/Core/Smarty/Smarty.php:81\nStack trace:\n#0 /var/www/APP/Core/Smarty/Smarty.php(81): spl_autoload_register('smartyAutoload')\n#1 /var/www/APP/autoloader.php(31): include_once('/var/www/APP/Co...')\n#2 /var/www/APP/Core/Viewer/View.php(30): __autoload('Core/Smarty/Sma...')\n#3 /var/www/APP/Core/Viewer/View.php(15): Core\\Viewer\\View->checkIsValidTemplate()\n#4 /var/www/APP/Controller/UsuarioController.php(16): Core\\Viewer\\View->__construct('usuario|index')\n#5 /var/www/APP/Core/Router/Route.php(72): Controller\\UsuarioController::index()\n#6 /var/www/APP/Config/routes.php(4): Route::get('/user', 'UsuarioControll...')\n#7 /var/www/APP/Core/Application/Environment.php(18): include_once('/var/www/APP/Co...')\n#8 /var/www/APP/index.php(8): Core\\Application\\Environment->run()\n#9 {main}\n  thrown in /var/www/APP/Core/Smarty/Smarty.php on line 81
[Fri May 25 13:49:15.023736 2018] [:error] [pid 23881] [client 192.168.1.117:52601] PHP Fatal error:  Uncaught Error: Class 'Core\\Smarty\\Smarty' not found in /var/www/APP/Core/Viewer/View.php:31\nStack trace:\n#0 /var/www/APP/Core/Viewer/View.php(15): Core\\Viewer\\View->checkIsValidTemplate()\n#1 /var/www/APP/Controller/UsuarioController.php(16): Core\\Viewer\\View->__construct('usuario|index')\n#2 /var/www/APP/Core/Router/Route.php(72): Controller\\UsuarioController::index()\n#3 /var/www/APP/Config/routes.php(4): Route::get('/user', 'UsuarioControll...')\n#4 /var/www/APP/Core/Application/Environment.php(18): include_once('/var/www/APP/Co...')\n#5 /var/www/APP/index.php(8): Core\\Application\\Environment->run()\n#6 {main}\n  thrown in /var/www/APP/Core/Viewer/View.php on line 31
[Fri May 25 13:49:25.633031 2018] [:error] [pid 23205] [client 192.168.1.117:52607] PHP Fatal error:  Uncaught Error: Class 'Core\\Viewer\\Smarty' not found in /var/www/APP/Core/Viewer/View.php:31\nStack trace:\n#0 /var/www/APP/Core/Viewer/View.php(15): Core\\Viewer\\View->checkIsValidTemplate()\n#1 /var/www/APP/Controller/UsuarioController.php(16): Core\\Viewer\\View->__construct('usuario|index')\n#2 /var/www/APP/Core/Router/Route.php(72): Controller\\UsuarioController::index()\n#3 /var/www/APP/Config/routes.php(4): Route::get('/user', 'UsuarioControll...')\n#4 /var/www/APP/Core/Application/Environment.php(18): include_once('/var/www/APP/Co...')\n#5 /var/www/APP/index.php(8): Core\\Application\\Environment->run()\n#6 {main}\n  thrown in /var/www/APP/Core/Viewer/View.php on line 31
[Fri May 25 13:49:30.211330 2018] [:error] [pid 23205] [client 192.168.1.117:52607] PHP Fatal error:  Uncaught Error: Class 'Core\\Smarty\\Smarty' not found in /var/www/APP/Core/Viewer/View.php:31\nStack trace:\n#0 /var/www/APP/Core/Viewer/View.php(15): Core\\Viewer\\View->checkIsValidTemplate()\n#1 /var/www/APP/Controller/UsuarioController.php(16): Core\\Viewer\\View->__construct('usuario|index')\n#2 /var/www/APP/Core/Router/Route.php(72): Controller\\UsuarioController::index()\n#3 /var/www/APP/Config/routes.php(4): Route::get('/user', 'UsuarioControll...')\n#4 /var/www/APP/Core/Application/Environment.php(18): include_once('/var/www/APP/Co...')\n#5 /var/www/APP/index.php(8): Core\\Application\\Environment->run()\n#6 {main}\n  thrown in /var/www/APP/Core/Viewer/View.php on line 31
[Fri May 25 13:49:45.764576 2018] [:error] [pid 23877] [client 192.168.1.117:52612] PHP Fatal error:  Uncaught LogicException: Function 'smartyAutoload' not found (function 'smartyAutoload' not found or invalid function name) in /var/www/APP/Core/Smarty/Smarty.php:81\nStack trace:\n#0 /var/www/APP/Core/Smarty/Smarty.php(81): spl_autoload_register('smartyAutoload')\n#1 /var/www/APP/Core/Viewer/View.php(30): require_once('/var/www/APP/Co...')\n#2 /var/www/APP/Core/Viewer/View.php(15): Core\\Viewer\\View->checkIsValidTemplate()\n#3 /var/www/APP/Controller/UsuarioController.php(16): Core\\Viewer\\View->__construct('usuario|index')\n#4 /var/www/APP/Core/Router/Route.php(72): Controller\\UsuarioController::index()\n#5 /var/www/APP/Config/routes.php(4): Route::get('/user', 'UsuarioControll...')\n#6 /var/www/APP/Core/Application/Environment.php(18): include_once('/var/www/APP/Co...')\n#7 /var/www/APP/index.php(8): Core\\Application\\Environment->run()\n#8 {main}\n  thrown in /var/www/APP/Core/Smarty/Smarty.php on line 81
[Fri May 25 13:49:56.083099 2018] [:error] [pid 25093] [client 192.168.1.117:52622] PHP Fatal error:  Uncaught Error: Class 'Core\\Viewer\\View' not found in /var/www/APP/Controller/UsuarioController.php:16\nStack trace:\n#0 /var/www/APP/Core/Router/Route.php(72): Controller\\UsuarioController::index()\n#1 /var/www/APP/Config/routes.php(4): Route::get('/user', 'UsuarioControll...')\n#2 /var/www/APP/Core/Application/Environment.php(18): include_once('/var/www/APP/Co...')\n#3 /var/www/APP/index.php(8): Core\\Application\\Environment->run()\n#4 {main}\n  thrown in /var/www/APP/Controller/UsuarioController.php on line 16
[Fri May 25 13:50:06.652718 2018] [:error] [pid 23202] [client 192.168.1.117:52626] PHP Fatal error:  Uncaught Error: Class 'Core\\Smarty\\Smarty' not found in /var/www/APP/Core/Viewer/View.php:31\nStack trace:\n#0 /var/www/APP/Core/Viewer/View.php(15): Core\\Viewer\\View->checkIsValidTemplate()\n#1 /var/www/APP/Controller/UsuarioController.php(16): Core\\Viewer\\View->__construct('usuario|index')\n#2 /var/www/APP/Core/Router/Route.php(72): Controller\\UsuarioController::index()\n#3 /var/www/APP/Config/routes.php(4): Route::get('/user', 'UsuarioControll...')\n#4 /var/www/APP/Core/Application/Environment.php(18): include_once('/var/www/APP/Co...')\n#5 /var/www/APP/index.php(8): Core\\Application\\Environment->run()\n#6 {main}\n  thrown in /var/www/APP/Core/Viewer/View.php on line 31
[Fri May 25 13:50:16.332256 2018] [:error] [pid 23204] [client 192.168.1.117:52627] PHP Fatal error:  Uncaught LogicException: Function 'smartyAutoload' not found (function 'smartyAutoload' not found or invalid function name) in /var/www/APP/Core/Smarty/Smarty.php:81\nStack trace:\n#0 /var/www/APP/Core/Smarty/Smarty.php(81): spl_autoload_register('smartyAutoload')\n#1 /var/www/APP/Core/Viewer/View.php(30): require_once('/var/www/APP/Co...')\n#2 /var/www/APP/Core/Viewer/View.php(15): Core\\Viewer\\View->checkIsValidTemplate()\n#3 /var/www/APP/Controller/UsuarioController.php(16): Core\\Viewer\\View->__construct('usuario|index')\n#4 /var/www/APP/Core/Router/Route.php(72): Controller\\UsuarioController::index()\n#5 /var/www/APP/Config/routes.php(4): Route::get('/user', 'UsuarioControll...')\n#6 /var/www/APP/Core/Application/Environment.php(18): include_once('/var/www/APP/Co...')\n#7 /var/www/APP/index.php(8): Core\\Application\\Environment->run()\n#8 {main}\n  thrown in /var/www/APP/Core/Smarty/Smarty.php on line 81
[Fri May 25 13:51:20.087289 2018] [:error] [pid 23200] [client 192.168.1.117:52678] PHP Fatal error:  Uncaught LogicException: Function 'smartyAutoload' not found (function 'smartyAutoload' not found or invalid function name) in /var/www/APP/Core/Smarty/Smarty.php:81\nStack trace:\n#0 /var/www/APP/Core/Smarty/Smarty.php(81): spl_autoload_register('smartyAutoload')\n#1 /var/www/APP/Core/Viewer/View.php(30): require_once('/var/www/APP/Co...')\n#2 /var/www/APP/Core/Viewer/View.php(15): Core\\Viewer\\View->checkIsValidTemplate()\n#3 /var/www/APP/Controller/UsuarioController.php(16): Core\\Viewer\\View->__construct('usuario|index')\n#4 /var/www/APP/Core/Router/Route.php(72): Controller\\UsuarioController::index()\n#5 /var/www/APP/Config/routes.php(4): Route::get('/user', 'UsuarioControll...')\n#6 /var/www/APP/Core/Application/Environment.php(18): include_once('/var/www/APP/Co...')\n#7 /var/www/APP/index.php(8): Core\\Application\\Environment->run()\n#8 {main}\n  thrown in /var/www/APP/Core/Smarty/Smarty.php on line 81
[Fri May 25 13:51:32.776293 2018] [:error] [pid 23879] [client 192.168.1.117:52682] PHP Fatal error:  Uncaught Error: Class 'Core\\Smarty\\Smarty' not found in /var/www/APP/Core/Viewer/View.php:31\nStack trace:\n#0 /var/www/APP/Core/Viewer/View.php(15): Core\\Viewer\\View->checkIsValidTemplate()\n#1 /var/www/APP/Controller/UsuarioController.php(16): Core\\Viewer\\View->__construct('usuario|index')\n#2 /var/www/APP/Core/Router/Route.php(72): Controller\\UsuarioController::index()\n#3 /var/www/APP/Config/routes.php(4): Route::get('/user', 'UsuarioControll...')\n#4 /var/www/APP/Core/Application/Environment.php(18): include_once('/var/www/APP/Co...')\n#5 /var/www/APP/index.php(8): Core\\Application\\Environment->run()\n#6 {main}\n  thrown in /var/www/APP/Core/Viewer/View.php on line 31
[Fri May 25 13:51:45.777547 2018] [:error] [pid 23882] [client 192.168.1.117:52688] PHP Parse error:  syntax error, unexpected 'class' (T_CLASS) in /var/www/APP/Core/Viewer/View.php on line 31
[Fri May 25 13:51:55.516081 2018] [:error] [pid 25093] [client 192.168.1.117:52687] PHP Fatal error:  Uncaught Error: Class 'Core\\Viewer\\Smartyclass' not found in /var/www/APP/Core/Viewer/View.php:31\nStack trace:\n#0 /var/www/APP/Core/Viewer/View.php(15): Core\\Viewer\\View->checkIsValidTemplate()\n#1 /var/www/APP/Controller/UsuarioController.php(16): Core\\Viewer\\View->__construct('usuario|index')\n#2 /var/www/APP/Core/Router/Route.php(72): Controller\\UsuarioController::index()\n#3 /var/www/APP/Config/routes.php(4): Route::get('/user', 'UsuarioControll...')\n#4 /var/www/APP/Core/Application/Environment.php(18): include_once('/var/www/APP/Co...')\n#5 /var/www/APP/index.php(8): Core\\Application\\Environment->run()\n#6 {main}\n  thrown in /var/www/APP/Core/Viewer/View.php on line 31
[Fri May 25 13:52:01.432154 2018] [:error] [pid 23880] [client 192.168.1.117:52690] PHP Fatal error:  Uncaught Error: Class 'Core\\Smarty\\Smarty' not found in /var/www/APP/Core/Viewer/View.php:31\nStack trace:\n#0 /var/www/APP/Core/Viewer/View.php(15): Core\\Viewer\\View->checkIsValidTemplate()\n#1 /var/www/APP/Controller/UsuarioController.php(16): Core\\Viewer\\View->__construct('usuario|index')\n#2 /var/www/APP/Core/Router/Route.php(72): Controller\\UsuarioController::index()\n#3 /var/www/APP/Config/routes.php(4): Route::get('/user', 'UsuarioControll...')\n#4 /var/www/APP/Core/Application/Environment.php(18): include_once('/var/www/APP/Co...')\n#5 /var/www/APP/index.php(8): Core\\Application\\Environment->run()\n#6 {main}\n  thrown in /var/www/APP/Core/Viewer/View.php on line 31
[Fri May 25 13:52:20.819170 2018] [:error] [pid 23204] [client 192.168.1.117:52698] PHP Fatal error:  Uncaught LogicException: Function 'smartyAutoload' not found (function 'smartyAutoload' not found or invalid function name) in /var/www/APP/Core/Smarty/Smarty.php:81\nStack trace:\n#0 /var/www/APP/Core/Smarty/Smarty.php(81): spl_autoload_register('smartyAutoload')\n#1 /var/www/APP/Core/Viewer/View.php(30): require_once('/var/www/APP/Co...')\n#2 /var/www/APP/Core/Viewer/View.php(15): Core\\Viewer\\View->checkIsValidTemplate()\n#3 /var/www/APP/Controller/UsuarioController.php(16): Core\\Viewer\\View->__construct('usuario|index')\n#4 /var/www/APP/Core/Router/Route.php(72): Controller\\UsuarioController::index()\n#5 /var/www/APP/Config/routes.php(4): Route::get('/user', 'UsuarioControll...')\n#6 /var/www/APP/Core/Application/Environment.php(18): include_once('/var/www/APP/Co...')\n#7 /var/www/APP/index.php(8): Core\\Application\\Environment->run()\n#8 {main}\n  thrown in /var/www/APP/Core/Smarty/Smarty.php on line 81
[Fri May 25 13:52:52.485310 2018] [:error] [pid 23200] [client 192.168.1.117:52702] PHP Fatal error:  Class 'Core\\Smarty\\Smarty_Internal_Data' not found in /var/www/APP/Core/Smarty/Smarty.php on line 92
[Fri May 25 13:53:18.608674 2018] [:error] [pid 23879] [client 192.168.1.117:52708] PHP Fatal error:  Uncaught LogicException: Function 'smartyAutoload' not found (function 'smartyAutoload' not found or invalid function name) in /var/www/APP/Core/Smarty/Smarty.php:81\nStack trace:\n#0 /var/www/APP/Core/Smarty/Smarty.php(81): spl_autoload_register('smartyAutoload')\n#1 /var/www/APP/Core/Viewer/View.php(30): require_once('/var/www/APP/Co...')\n#2 /var/www/APP/Core/Viewer/View.php(15): Core\\Viewer\\View->checkIsValidTemplate()\n#3 /var/www/APP/Controller/UsuarioController.php(16): Core\\Viewer\\View->__construct('usuario|index')\n#4 /var/www/APP/Core/Router/Route.php(72): Controller\\UsuarioController::index()\n#5 /var/www/APP/Config/routes.php(4): Route::get('/user', 'UsuarioControll...')\n#6 /var/www/APP/Core/Application/Environment.php(18): include_once('/var/www/APP/Co...')\n#7 /var/www/APP/index.php(8): Core\\Application\\Environment->run()\n#8 {main}\n  thrown in /var/www/APP/Core/Smarty/Smarty.php on line 81
[Fri May 25 13:55:15.026034 2018] [:error] [pid 23882] [client 192.168.1.117:52782] PHP Fatal error:  Uncaught LogicException: Function 'smartyAutoload' not found (function 'smartyAutoload' not found or invalid function name) in /var/www/APP/Core/Smarty/Smarty.php:81\nStack trace:\n#0 /var/www/APP/Core/Smarty/Smarty.php(81): spl_autoload_register('smartyAutoload')\n#1 /var/www/APP/Core/Viewer/View.php(30): require_once('/var/www/APP/Co...')\n#2 /var/www/APP/Core/Viewer/View.php(15): Core\\Viewer\\View->checkIsValidTemplate()\n#3 /var/www/APP/Controller/UsuarioController.php(16): Core\\Viewer\\View->__construct('usuario|index')\n#4 /var/www/APP/Core/Router/Route.php(72): Controller\\UsuarioController::index()\n#5 /var/www/APP/Config/routes.php(4): Route::get('/user', 'UsuarioControll...')\n#6 /var/www/APP/Core/Application/Environment.php(18): include_once('/var/www/APP/Co...')\n#7 /var/www/APP/index.php(8): Core\\Application\\Environment->run()\n#8 {main}\n  thrown in /var/www/APP/Core/Smarty/Smarty.php on line 81
[Fri May 25 13:57:45.303351 2018] [:error] [pid 23880] [client 192.168.1.117:52856] PHP Fatal error:  Class 'Core\\Smarty\\Smarty_Internal_Data' not found in /var/www/APP/Core/Smarty/Smarty.php on line 88
[Fri May 25 13:59:09.509867 2018] [:error] [pid 23204] [client 192.168.1.117:52875] PHP Fatal error:  Uncaught LogicException: Function 'smartyAutoload' not found (function 'smartyAutoload' not found or invalid function name) in /var/www/APP/Core/Smarty/Smarty.php:81\nStack trace:\n#0 /var/www/APP/Core/Smarty/Smarty.php(81): spl_autoload_register('smartyAutoload')\n#1 /var/www/APP/Core/Viewer/View.php(30): require_once('/var/www/APP/Co...')\n#2 /var/www/APP/Core/Viewer/View.php(15): Core\\Viewer\\View->checkIsValidTemplate()\n#3 /var/www/APP/Controller/UsuarioController.php(16): Core\\Viewer\\View->__construct('usuario|index')\n#4 /var/www/APP/Core/Router/Route.php(72): Controller\\UsuarioController::index()\n#5 /var/www/APP/Config/routes.php(4): Route::get('/user', 'UsuarioControll...')\n#6 /var/www/APP/Core/Application/Environment.php(18): include_once('/var/www/APP/Co...')\n#7 /var/www/APP/index.php(8): Core\\Application\\Environment->run()\n#8 {main}\n  thrown in /var/www/APP/Core/Smarty/Smarty.php on line 81
[Fri May 25 14:00:23.312387 2018] [:error] [pid 23200] [client 192.168.1.117:52883] PHP Fatal error:  Uncaught Error: Class 'Core\\Smarty\\Smarty' not found in /var/www/APP/Core/Viewer/View.php:31\nStack trace:\n#0 /var/www/APP/Core/Viewer/View.php(15): Core\\Viewer\\View->checkIsValidTemplate()\n#1 /var/www/APP/Controller/UsuarioController.php(16): Core\\Viewer\\View->__construct('usuario|index')\n#2 /var/www/APP/Core/Router/Route.php(72): Controller\\UsuarioController::index()\n#3 /var/www/APP/Config/routes.php(4): Route::get('/user', 'UsuarioControll...')\n#4 /var/www/APP/Core/Application/Environment.php(18): include_once('/var/www/APP/Co...')\n#5 /var/www/APP/index.php(8): Core\\Application\\Environment->run()\n#6 {main}\n  thrown in /var/www/APP/Core/Viewer/View.php on line 31
[Fri May 25 14:00:45.682022 2018] [:error] [pid 23879] [client 192.168.1.117:52891] PHP Fatal error:  Uncaught Error: Class 'Core\\Smarty\\Smarty' not found in /var/www/APP/Core/Viewer/View.php:31\nStack trace:\n#0 /var/www/APP/Core/Viewer/View.php(15): Core\\Viewer\\View->checkIsValidTemplate()\n#1 /var/www/APP/Controller/UsuarioController.php(16): Core\\Viewer\\View->__construct('usuario|index')\n#2 /var/www/APP/Core/Router/Route.php(72): Controller\\UsuarioController::index()\n#3 /var/www/APP/Config/routes.php(4): Route::get('/user', 'UsuarioControll...')\n#4 /var/www/APP/Core/Application/Environment.php(18): include_once('/var/www/APP/Co...')\n#5 /var/www/APP/index.php(8): Core\\Application\\Environment->run()\n#6 {main}\n  thrown in /var/www/APP/Core/Viewer/View.php on line 31
[Fri May 25 14:00:49.397705 2018] [:error] [pid 23879] [client 192.168.1.117:52891] PHP Fatal error:  Uncaught Error: Class 'Core\\Viewer\\Smarty' not found in /var/www/APP/Core/Viewer/View.php:29\nStack trace:\n#0 /var/www/APP/Core/Viewer/View.php(13): Core\\Viewer\\View->checkIsValidTemplate()\n#1 /var/www/APP/Controller/UsuarioController.php(16): Core\\Viewer\\View->__construct('usuario|index')\n#2 /var/www/APP/Core/Router/Route.php(72): Controller\\UsuarioController::index()\n#3 /var/www/APP/Config/routes.php(4): Route::get('/user', 'UsuarioControll...')\n#4 /var/www/APP/Core/Application/Environment.php(18): include_once('/var/www/APP/Co...')\n#5 /var/www/APP/index.php(8): Core\\Application\\Environment->run()\n#6 {main}\n  thrown in /var/www/APP/Core/Viewer/View.php on line 29
[Fri May 25 14:00:50.377498 2018] [:error] [pid 23879] [client 192.168.1.117:52891] PHP Fatal error:  Uncaught Error: Class 'Core\\Viewer\\Smarty' not found in /var/www/APP/Core/Viewer/View.php:29\nStack trace:\n#0 /var/www/APP/Core/Viewer/View.php(13): Core\\Viewer\\View->checkIsValidTemplate()\n#1 /var/www/APP/Controller/UsuarioController.php(16): Core\\Viewer\\View->__construct('usuario|index')\n#2 /var/www/APP/Core/Router/Route.php(72): Controller\\UsuarioController::index()\n#3 /var/www/APP/Config/routes.php(4): Route::get('/user', 'UsuarioControll...')\n#4 /var/www/APP/Core/Application/Environment.php(18): include_once('/var/www/APP/Co...')\n#5 /var/www/APP/index.php(8): Core\\Application\\Environment->run()\n#6 {main}\n  thrown in /var/www/APP/Core/Viewer/View.php on line 29
[Fri May 25 14:00:58.801065 2018] [:error] [pid 23882] [client 192.168.1.117:52897] PHP Fatal error:  Uncaught Error: Class 'Core\\Viewer\\View' not found in /var/www/APP/Controller/UsuarioController.php:16\nStack trace:\n#0 /var/www/APP/Core/Router/Route.php(72): Controller\\UsuarioController::index()\n#1 /var/www/APP/Config/routes.php(4): Route::get('/user', 'UsuarioControll...')\n#2 /var/www/APP/Core/Application/Environment.php(18): include_once('/var/www/APP/Co...')\n#3 /var/www/APP/index.php(8): Core\\Application\\Environment->run()\n#4 {main}\n  thrown in /var/www/APP/Controller/UsuarioController.php on line 16
[Fri May 25 14:01:04.614769 2018] [:error] [pid 25093] [client 192.168.1.117:52896] PHP Fatal error:  Uncaught Error: Class 'Core\\Viewer\\View' not found in /var/www/APP/Controller/UsuarioController.php:16\nStack trace:\n#0 /var/www/APP/Core/Router/Route.php(72): Controller\\UsuarioController::index()\n#1 /var/www/APP/Config/routes.php(4): Route::get('/user', 'UsuarioControll...')\n#2 /var/www/APP/Core/Application/Environment.php(18): include_once('/var/www/APP/Co...')\n#3 /var/www/APP/index.php(8): Core\\Application\\Environment->run()\n#4 {main}\n  thrown in /var/www/APP/Controller/UsuarioController.php on line 16
[Fri May 25 14:01:41.769530 2018] [:error] [pid 23881] [client 192.168.1.117:52921] PHP Fatal error:  Uncaught Error: Class 'Core\\Viewer\\View' not found in /var/www/APP/Controller/UsuarioController.php:16\nStack trace:\n#0 /var/www/APP/Core/Router/Route.php(72): Controller\\UsuarioController::index()\n#1 /var/www/APP/Config/routes.php(4): Route::get('/user', 'UsuarioControll...')\n#2 /var/www/APP/Core/Application/Environment.php(18): include_once('/var/www/APP/Co...')\n#3 /var/www/APP/index.php(8): Core\\Application\\Environment->run()\n#4 {main}\n  thrown in /var/www/APP/Controller/UsuarioController.php on line 16
[Fri May 25 14:02:19.787589 2018] [:error] [pid 23205] [client 192.168.1.117:52929] PHP Fatal error:  Uncaught Error: Class 'Core\\Viewer\\View' not found in /var/www/APP/Controller/UsuarioController.php:16\nStack trace:\n#0 /var/www/APP/Core/Router/Route.php(72): Controller\\UsuarioController::index()\n#1 /var/www/APP/Config/routes.php(4): Route::get('/user', 'UsuarioControll...')\n#2 /var/www/APP/Core/Application/Environment.php(18): include_once('/var/www/APP/Co...')\n#3 /var/www/APP/index.php(8): Core\\Application\\Environment->run()\n#4 {main}\n  thrown in /var/www/APP/Controller/UsuarioController.php on line 16
[Fri May 25 14:02:30.395293 2018] [:error] [pid 23877] [client 192.168.1.117:52934] PHP Fatal error:  Uncaught Error: Class 'Core\\Smarty\\Smarty' not found in /var/www/APP/Core/Viewer/View.php:31\nStack trace:\n#0 /var/www/APP/Core/Viewer/View.php(15): Core\\Viewer\\View->checkIsValidTemplate()\n#1 /var/www/APP/Controller/UsuarioController.php(16): Core\\Viewer\\View->__construct('usuario|index')\n#2 /var/www/APP/Core/Router/Route.php(72): Controller\\UsuarioController::index()\n#3 /var/www/APP/Config/routes.php(4): Route::get('/user', 'UsuarioControll...')\n#4 /var/www/APP/Core/Application/Environment.php(18): include_once('/var/www/APP/Co...')\n#5 /var/www/APP/index.php(8): Core\\Application\\Environment->run()\n#6 {main}\n  thrown in /var/www/APP/Core/Viewer/View.php on line 31
[Fri May 25 14:03:03.285140 2018] [:error] [pid 25093] [client 192.168.1.117:52940] PHP Fatal error:  Uncaught Error: Class 'Core\\Smarty\\Smarty' not found in /var/www/APP/Core/Viewer/View.php:31\nStack trace:\n#0 /var/www/APP/Core/Viewer/View.php(15): Core\\Viewer\\View->checkIsValidTemplate()\n#1 /var/www/APP/Controller/UsuarioController.php(16): Core\\Viewer\\View->__construct('usuario|index')\n#2 /var/www/APP/Core/Router/Route.php(72): Controller\\UsuarioController::index()\n#3 /var/www/APP/Config/routes.php(4): Route::get('/user', 'UsuarioControll...')\n#4 /var/www/APP/Core/Application/Environment.php(18): include_once('/var/www/APP/Co...')\n#5 /var/www/APP/index.php(8): Core\\Application\\Environment->run()\n#6 {main}\n  thrown in /var/www/APP/Core/Viewer/View.php on line 31
[Fri May 25 14:03:04.018157 2018] [:error] [pid 25093] [client 192.168.1.117:52940] PHP Fatal error:  Uncaught Error: Class 'Core\\Smarty\\Smarty' not found in /var/www/APP/Core/Viewer/View.php:31\nStack trace:\n#0 /var/www/APP/Core/Viewer/View.php(15): Core\\Viewer\\View->checkIsValidTemplate()\n#1 /var/www/APP/Controller/UsuarioController.php(16): Core\\Viewer\\View->__construct('usuario|index')\n#2 /var/www/APP/Core/Router/Route.php(72): Controller\\UsuarioController::index()\n#3 /var/www/APP/Config/routes.php(4): Route::get('/user', 'UsuarioControll...')\n#4 /var/www/APP/Core/Application/Environment.php(18): include_once('/var/www/APP/Co...')\n#5 /var/www/APP/index.php(8): Core\\Application\\Environment->run()\n#6 {main}\n  thrown in /var/www/APP/Core/Viewer/View.php on line 31
[Fri May 25 14:03:04.238954 2018] [:error] [pid 25093] [client 192.168.1.117:52940] PHP Fatal error:  Uncaught Error: Class 'Core\\Smarty\\Smarty' not found in /var/www/APP/Core/Viewer/View.php:31\nStack trace:\n#0 /var/www/APP/Core/Viewer/View.php(15): Core\\Viewer\\View->checkIsValidTemplate()\n#1 /var/www/APP/Controller/UsuarioController.php(16): Core\\Viewer\\View->__construct('usuario|index')\n#2 /var/www/APP/Core/Router/Route.php(72): Controller\\UsuarioController::index()\n#3 /var/www/APP/Config/routes.php(4): Route::get('/user', 'UsuarioControll...')\n#4 /var/www/APP/Core/Application/Environment.php(18): include_once('/var/www/APP/Co...')\n#5 /var/www/APP/index.php(8): Core\\Application\\Environment->run()\n#6 {main}\n  thrown in /var/www/APP/Core/Viewer/View.php on line 31
[Fri May 25 14:03:04.409085 2018] [:error] [pid 25093] [client 192.168.1.117:52940] PHP Fatal error:  Uncaught Error: Class 'Core\\Smarty\\Smarty' not found in /var/www/APP/Core/Viewer/View.php:31\nStack trace:\n#0 /var/www/APP/Core/Viewer/View.php(15): Core\\Viewer\\View->checkIsValidTemplate()\n#1 /var/www/APP/Controller/UsuarioController.php(16): Core\\Viewer\\View->__construct('usuario|index')\n#2 /var/www/APP/Core/Router/Route.php(72): Controller\\UsuarioController::index()\n#3 /var/www/APP/Config/routes.php(4): Route::get('/user', 'UsuarioControll...')\n#4 /var/www/APP/Core/Application/Environment.php(18): include_once('/var/www/APP/Co...')\n#5 /var/www/APP/index.php(8): Core\\Application\\Environment->run()\n#6 {main}\n  thrown in /var/www/APP/Core/Viewer/View.php on line 31
[Fri May 25 14:03:17.700247 2018] [:error] [pid 23202] [client 192.168.1.117:52946] PHP Fatal error:  Uncaught Error: Class 'Core\\Smarty\\Smarty' not found in /var/www/APP/Core/Viewer/View.php:31\nStack trace:\n#0 /var/www/APP/Core/Viewer/View.php(15): Core\\Viewer\\View->checkIsValidTemplate()\n#1 /var/www/APP/Controller/UsuarioController.php(16): Core\\Viewer\\View->__construct('usuario|index')\n#2 /var/www/APP/Core/Router/Route.php(72): Controller\\UsuarioController::index()\n#3 /var/www/APP/Config/routes.php(4): Route::get('/user', 'UsuarioControll...')\n#4 /var/www/APP/Core/Application/Environment.php(18): include_once('/var/www/APP/Co...')\n#5 /var/www/APP/index.php(8): Core\\Application\\Environment->run()\n#6 {main}\n  thrown in /var/www/APP/Core/Viewer/View.php on line 31
[Fri May 25 14:03:18.261876 2018] [:error] [pid 23202] [client 192.168.1.117:52946] PHP Fatal error:  Uncaught Error: Class 'Core\\Smarty\\Smarty' not found in /var/www/APP/Core/Viewer/View.php:31\nStack trace:\n#0 /var/www/APP/Core/Viewer/View.php(15): Core\\Viewer\\View->checkIsValidTemplate()\n#1 /var/www/APP/Controller/UsuarioController.php(16): Core\\Viewer\\View->__construct('usuario|index')\n#2 /var/www/APP/Core/Router/Route.php(72): Controller\\UsuarioController::index()\n#3 /var/www/APP/Config/routes.php(4): Route::get('/user', 'UsuarioControll...')\n#4 /var/www/APP/Core/Application/Environment.php(18): include_once('/var/www/APP/Co...')\n#5 /var/www/APP/index.php(8): Core\\Application\\Environment->run()\n#6 {main}\n  thrown in /var/www/APP/Core/Viewer/View.php on line 31
[Fri May 25 14:03:18.480972 2018] [:error] [pid 23202] [client 192.168.1.117:52946] PHP Fatal error:  Uncaught Error: Class 'Core\\Smarty\\Smarty' not found in /var/www/APP/Core/Viewer/View.php:31\nStack trace:\n#0 /var/www/APP/Core/Viewer/View.php(15): Core\\Viewer\\View->checkIsValidTemplate()\n#1 /var/www/APP/Controller/UsuarioController.php(16): Core\\Viewer\\View->__construct('usuario|index')\n#2 /var/www/APP/Core/Router/Route.php(72): Controller\\UsuarioController::index()\n#3 /var/www/APP/Config/routes.php(4): Route::get('/user', 'UsuarioControll...')\n#4 /var/www/APP/Core/Application/Environment.php(18): include_once('/var/www/APP/Co...')\n#5 /var/www/APP/index.php(8): Core\\Application\\Environment->run()\n#6 {main}\n  thrown in /var/www/APP/Core/Viewer/View.php on line 31
[Fri May 25 14:03:18.648730 2018] [:error] [pid 23202] [client 192.168.1.117:52946] PHP Fatal error:  Uncaught Error: Class 'Core\\Smarty\\Smarty' not found in /var/www/APP/Core/Viewer/View.php:31\nStack trace:\n#0 /var/www/APP/Core/Viewer/View.php(15): Core\\Viewer\\View->checkIsValidTemplate()\n#1 /var/www/APP/Controller/UsuarioController.php(16): Core\\Viewer\\View->__construct('usuario|index')\n#2 /var/www/APP/Core/Router/Route.php(72): Controller\\UsuarioController::index()\n#3 /var/www/APP/Config/routes.php(4): Route::get('/user', 'UsuarioControll...')\n#4 /var/www/APP/Core/Application/Environment.php(18): include_once('/var/www/APP/Co...')\n#5 /var/www/APP/index.php(8): Core\\Application\\Environment->run()\n#6 {main}\n  thrown in /var/www/APP/Core/Viewer/View.php on line 31
[Fri May 25 14:03:18.796551 2018] [:error] [pid 23202] [client 192.168.1.117:52946] PHP Fatal error:  Uncaught Error: Class 'Core\\Smarty\\Smarty' not found in /var/www/APP/Core/Viewer/View.php:31\nStack trace:\n#0 /var/www/APP/Core/Viewer/View.php(15): Core\\Viewer\\View->checkIsValidTemplate()\n#1 /var/www/APP/Controller/UsuarioController.php(16): Core\\Viewer\\View->__construct('usuario|index')\n#2 /var/www/APP/Core/Router/Route.php(72): Controller\\UsuarioController::index()\n#3 /var/www/APP/Config/routes.php(4): Route::get('/user', 'UsuarioControll...')\n#4 /var/www/APP/Core/Application/Environment.php(18): include_once('/var/www/APP/Co...')\n#5 /var/www/APP/index.php(8): Core\\Application\\Environment->run()\n#6 {main}\n  thrown in /var/www/APP/Core/Viewer/View.php on line 31
[Fri May 25 14:03:32.766579 2018] [:error] [pid 23200] [client 192.168.1.117:52952] PHP Fatal error:  Uncaught Error: Class 'Core\\Smarty\\Smarty' not found in /var/www/APP/Core/Viewer/View.php:30\nStack trace:\n#0 /var/www/APP/Core/Viewer/View.php(15): Core\\Viewer\\View->checkIsValidTemplate()\n#1 /var/www/APP/Controller/UsuarioController.php(16): Core\\Viewer\\View->__construct('usuario|index')\n#2 /var/www/APP/Core/Router/Route.php(72): Controller\\UsuarioController::index()\n#3 /var/www/APP/Config/routes.php(4): Route::get('/user', 'UsuarioControll...')\n#4 /var/www/APP/Core/Application/Environment.php(18): include_once('/var/www/APP/Co...')\n#5 /var/www/APP/index.php(8): Core\\Application\\Environment->run()\n#6 {main}\n  thrown in /var/www/APP/Core/Viewer/View.php on line 30
[Fri May 25 14:03:41.478452 2018] [:error] [pid 23205] [client 192.168.1.117:52953] PHP Fatal error:  Uncaught Error: Class 'Core\\Smarty\\Smarty' not found in /var/www/APP/Core/Viewer/View.php:30\nStack trace:\n#0 /var/www/APP/Core/Viewer/View.php(15): Core\\Viewer\\View->checkIsValidTemplate()\n#1 /var/www/APP/Controller/UsuarioController.php(16): Core\\Viewer\\View->__construct('usuario|index')\n#2 /var/www/APP/Core/Router/Route.php(72): Controller\\UsuarioController::index()\n#3 /var/www/APP/Config/routes.php(4): Route::get('/user', 'UsuarioControll...')\n#4 /var/www/APP/Core/Application/Environment.php(18): include_once('/var/www/APP/Co...')\n#5 /var/www/APP/index.php(8): Core\\Application\\Environment->run()\n#6 {main}\n  thrown in /var/www/APP/Core/Viewer/View.php on line 30
[Fri May 25 14:03:42.128828 2018] [:error] [pid 23205] [client 192.168.1.117:52953] PHP Fatal error:  Uncaught Error: Class 'Core\\Smarty\\Smarty' not found in /var/www/APP/Core/Viewer/View.php:30\nStack trace:\n#0 /var/www/APP/Core/Viewer/View.php(15): Core\\Viewer\\View->checkIsValidTemplate()\n#1 /var/www/APP/Controller/UsuarioController.php(16): Core\\Viewer\\View->__construct('usuario|index')\n#2 /var/www/APP/Core/Router/Route.php(72): Controller\\UsuarioController::index()\n#3 /var/www/APP/Config/routes.php(4): Route::get('/user', 'UsuarioControll...')\n#4 /var/www/APP/Core/Application/Environment.php(18): include_once('/var/www/APP/Co...')\n#5 /var/www/APP/index.php(8): Core\\Application\\Environment->run()\n#6 {main}\n  thrown in /var/www/APP/Core/Viewer/View.php on line 30
[Fri May 25 14:03:42.381591 2018] [:error] [pid 23205] [client 192.168.1.117:52953] PHP Fatal error:  Uncaught Error: Class 'Core\\Smarty\\Smarty' not found in /var/www/APP/Core/Viewer/View.php:30\nStack trace:\n#0 /var/www/APP/Core/Viewer/View.php(15): Core\\Viewer\\View->checkIsValidTemplate()\n#1 /var/www/APP/Controller/UsuarioController.php(16): Core\\Viewer\\View->__construct('usuario|index')\n#2 /var/www/APP/Core/Router/Route.php(72): Controller\\UsuarioController::index()\n#3 /var/www/APP/Config/routes.php(4): Route::get('/user', 'UsuarioControll...')\n#4 /var/www/APP/Core/Application/Environment.php(18): include_once('/var/www/APP/Co...')\n#5 /var/www/APP/index.php(8): Core\\Application\\Environment->run()\n#6 {main}\n  thrown in /var/www/APP/Core/Viewer/View.php on line 30
[Fri May 25 14:03:42.556561 2018] [:error] [pid 23205] [client 192.168.1.117:52953] PHP Fatal error:  Uncaught Error: Class 'Core\\Smarty\\Smarty' not found in /var/www/APP/Core/Viewer/View.php:30\nStack trace:\n#0 /var/www/APP/Core/Viewer/View.php(15): Core\\Viewer\\View->checkIsValidTemplate()\n#1 /var/www/APP/Controller/UsuarioController.php(16): Core\\Viewer\\View->__construct('usuario|index')\n#2 /var/www/APP/Core/Router/Route.php(72): Controller\\UsuarioController::index()\n#3 /var/www/APP/Config/routes.php(4): Route::get('/user', 'UsuarioControll...')\n#4 /var/www/APP/Core/Application/Environment.php(18): include_once('/var/www/APP/Co...')\n#5 /var/www/APP/index.php(8): Core\\Application\\Environment->run()\n#6 {main}\n  thrown in /var/www/APP/Core/Viewer/View.php on line 30
[Fri May 25 14:03:42.728910 2018] [:error] [pid 23205] [client 192.168.1.117:52953] PHP Fatal error:  Uncaught Error: Class 'Core\\Smarty\\Smarty' not found in /var/www/APP/Core/Viewer/View.php:30\nStack trace:\n#0 /var/www/APP/Core/Viewer/View.php(15): Core\\Viewer\\View->checkIsValidTemplate()\n#1 /var/www/APP/Controller/UsuarioController.php(16): Core\\Viewer\\View->__construct('usuario|index')\n#2 /var/www/APP/Core/Router/Route.php(72): Controller\\UsuarioController::index()\n#3 /var/www/APP/Config/routes.php(4): Route::get('/user', 'UsuarioControll...')\n#4 /var/www/APP/Core/Application/Environment.php(18): include_once('/var/www/APP/Co...')\n#5 /var/www/APP/index.php(8): Core\\Application\\Environment->run()\n#6 {main}\n  thrown in /var/www/APP/Core/Viewer/View.php on line 30
[Fri May 25 14:03:59.066393 2018] [:error] [pid 23877] [client 192.168.1.117:52961] PHP Fatal error:  Uncaught Error: Class 'Core\\Smarty\\Smarty' not found in /var/www/APP/Core/Viewer/View.php:30\nStack trace:\n#0 /var/www/APP/Core/Viewer/View.php(15): Core\\Viewer\\View->checkIsValidTemplate()\n#1 /var/www/APP/Controller/UsuarioController.php(16): Core\\Viewer\\View->__construct('usuario|index')\n#2 /var/www/APP/Core/Router/Route.php(72): Controller\\UsuarioController::index()\n#3 /var/www/APP/Config/routes.php(4): Route::get('/user', 'UsuarioControll...')\n#4 /var/www/APP/Core/Application/Environment.php(18): include_once('/var/www/APP/Co...')\n#5 /var/www/APP/index.php(8): Core\\Application\\Environment->run()\n#6 {main}\n  thrown in /var/www/APP/Core/Viewer/View.php on line 30
[Fri May 25 14:09:35.465400 2018] [:error] [pid 23882] [client 192.168.1.117:53115] PHP Fatal error:  Uncaught Error: Class 'Core\\Smarty\\Smarty' not found in /var/www/APP/Core/Viewer/View.php:30\nStack trace:\n#0 /var/www/APP/Core/Viewer/View.php(15): Core\\Viewer\\View->checkIsValidTemplate()\n#1 /var/www/APP/Controller/UsuarioController.php(16): Core\\Viewer\\View->__construct('usuario|index')\n#2 /var/www/APP/Core/Router/Route.php(72): Controller\\UsuarioController::index()\n#3 /var/www/APP/Config/routes.php(4): Route::get('/user', 'UsuarioControll...')\n#4 /var/www/APP/Core/Application/Environment.php(18): include_once('/var/www/APP/Co...')\n#5 /var/www/APP/index.php(8): Core\\Application\\Environment->run()\n#6 {main}\n  thrown in /var/www/APP/Core/Viewer/View.php on line 30
[Fri May 25 14:10:31.359924 2018] [:error] [pid 23200] [client 192.168.1.117:53129] PHP Fatal error:  Uncaught Error: Class 'Core\\Smarty\\Smarty' not found in /var/www/APP/Core/Viewer/View.php:30\nStack trace:\n#0 /var/www/APP/Core/Viewer/View.php(15): Core\\Viewer\\View->checkIsValidTemplate()\n#1 /var/www/APP/Controller/UsuarioController.php(16): Core\\Viewer\\View->__construct('usuario|index')\n#2 /var/www/APP/Core/Router/Route.php(72): Controller\\UsuarioController::index()\n#3 /var/www/APP/Config/routes.php(4): Route::get('/user', 'UsuarioControll...')\n#4 /var/www/APP/Core/Application/Environment.php(18): include_once('/var/www/APP/Co...')\n#5 /var/www/APP/index.php(8): Core\\Application\\Environment->run()\n#6 {main}\n  thrown in /var/www/APP/Core/Viewer/View.php on line 30
[Fri May 25 14:11:09.154335 2018] [:error] [pid 23879] [client 192.168.1.117:53137] PHP Warning:  include_once(/var/www/APP/Core/Viewer/Smarty.php): failed to open stream: No such file or directory in /var/www/APP/autoloader.php on line 24
[Fri May 25 14:11:09.154386 2018] [:error] [pid 23879] [client 192.168.1.117:53137] PHP Warning:  include_once(): Failed opening '/var/www/APP/Core/Viewer/Smarty.php' for inclusion (include_path='.:/usr/share/php') in /var/www/APP/autoloader.php on line 24
[Fri May 25 14:11:09.154463 2018] [:error] [pid 23879] [client 192.168.1.117:53137] PHP Fatal error:  Uncaught Exception: Erro ao localizar arquivo de classe de nome:Core/Viewer/Smarty.php | /var/www/APP/Core/Router/Core/Viewer/Smarty.php in /var/www/APP/autoloader.php:39\nStack trace:\n#0 /var/www/APP/Core/Viewer/View.php(30): __autoload('Core/Viewer/Sma...')\n#1 /var/www/APP/Core/Viewer/View.php(15): Core\\Viewer\\View->checkIsValidTemplate()\n#2 /var/www/APP/Controller/UsuarioController.php(16): Core\\Viewer\\View->__construct('usuario|index')\n#3 /var/www/APP/Core/Router/Route.php(72): Controller\\UsuarioController::index()\n#4 /var/www/APP/Config/routes.php(4): Route::get('/user', 'UsuarioControll...')\n#5 /var/www/APP/Core/Application/Environment.php(18): include_once('/var/www/APP/Co...')\n#6 /var/www/APP/index.php(8): Core\\Application\\Environment->run()\n#7 {main}\n  thrown in /var/www/APP/autoloader.php on line 39
[Fri May 25 14:12:46.398131 2018] [:error] [pid 23880] [client 192.168.1.117:53247] PHP Fatal error:  Uncaught Exception: Erro ao localizar arquivo de classe de nome:Core/Viewer/Smarty.php | /var/www/APP/Core/Router/Core/Viewer/Smarty.php in /var/www/APP/autoloader.php:38\nStack trace:\n#0 /var/www/APP/Core/Viewer/View.php(30): __autoload('Core/Viewer/Sma...')\n#1 /var/www/APP/Core/Viewer/View.php(15): Core\\Viewer\\View->checkIsValidTemplate()\n#2 /var/www/APP/Controller/UsuarioController.php(16): Core\\Viewer\\View->__construct('usuario|index')\n#3 /var/www/APP/Core/Router/Route.php(72): Controller\\UsuarioController::index()\n#4 /var/www/APP/Config/routes.php(4): Route::get('/user', 'UsuarioControll...')\n#5 /var/www/APP/Core/Application/Environment.php(18): include_once('/var/www/APP/Co...')\n#6 /var/www/APP/index.php(8): Core\\Application\\Environment->run()\n#7 {main}\n  thrown in /var/www/APP/autoloader.php on line 38
[Fri May 25 14:13:41.433380 2018] [:error] [pid 23204] [client 192.168.1.117:53254] PHP Fatal error:  Uncaught Error: Class 'Core\\Viewer\\Smarty' not found in /var/www/APP/Core/Viewer/View.php:30\nStack trace:\n#0 /var/www/APP/Core/Viewer/View.php(15): Core\\Viewer\\View->checkIsValidTemplate()\n#1 /var/www/APP/Controller/UsuarioController.php(16): Core\\Viewer\\View->__construct('usuario|index')\n#2 /var/www/APP/Core/Router/Route.php(72): Controller\\UsuarioController::index()\n#3 /var/www/APP/Config/routes.php(4): Route::get('/user', 'UsuarioControll...')\n#4 /var/www/APP/Core/Application/Environment.php(18): include_once('/var/www/APP/Co...')\n#5 /var/www/APP/index.php(8): Core\\Application\\Environment->run()\n#6 {main}\n  thrown in /var/www/APP/Core/Viewer/View.php on line 30
[Fri May 25 14:14:09.496334 2018] [:error] [pid 23205] [client 192.168.1.117:53269] PHP Fatal error:  Uncaught Error: Class 'Core\\Viewer\\Smarty' not found in /var/www/APP/Core/Viewer/View.php:30\nStack trace:\n#0 /var/www/APP/Core/Viewer/View.php(15): Core\\Viewer\\View->checkIsValidTemplate()\n#1 /var/www/APP/Controller/UsuarioController.php(16): Core\\Viewer\\View->__construct('usuario|index')\n#2 /var/www/APP/Core/Router/Route.php(72): Controller\\UsuarioController::index()\n#3 /var/www/APP/Config/routes.php(4): Route::get('/user', 'UsuarioControll...')\n#4 /var/www/APP/Core/Application/Environment.php(18): include_once('/var/www/APP/Co...')\n#5 /var/www/APP/index.php(8): Core\\Application\\Environment->run()\n#6 {main}\n  thrown in /var/www/APP/Core/Viewer/View.php on line 30
[Fri May 25 14:14:26.034283 2018] [:error] [pid 23877] [client 192.168.1.117:53279] PHP Fatal error:  Uncaught Error: Class 'Core\\Viewer\\Smarty' not found in /var/www/APP/Core/Viewer/View.php:28\nStack trace:\n#0 /var/www/APP/Core/Viewer/View.php(13): Core\\Viewer\\View->checkIsValidTemplate()\n#1 /var/www/APP/Controller/UsuarioController.php(16): Core\\Viewer\\View->__construct('usuario|index')\n#2 /var/www/APP/Core/Router/Route.php(72): Controller\\UsuarioController::index()\n#3 /var/www/APP/Config/routes.php(4): Route::get('/user', 'UsuarioControll...')\n#4 /var/www/APP/Core/Application/Environment.php(18): include_once('/var/www/APP/Co...')\n#5 /var/www/APP/index.php(8): Core\\Application\\Environment->run()\n#6 {main}\n  thrown in /var/www/APP/Core/Viewer/View.php on line 28
[Fri May 25 14:15:53.462925 2018] [:error] [pid 25093] [client 192.168.1.117:53326] PHP Fatal error:  Uncaught Error: Class 'Core\\Viewer\\Core\\Smarty\\Smarty' not found in /var/www/APP/Core/Viewer/View.php:28\nStack trace:\n#0 /var/www/APP/Core/Viewer/View.php(13): Core\\Viewer\\View->checkIsValidTemplate()\n#1 /var/www/APP/Controller/UsuarioController.php(16): Core\\Viewer\\View->__construct('usuario|index')\n#2 /var/www/APP/Core/Router/Route.php(72): Controller\\UsuarioController::index()\n#3 /var/www/APP/Config/routes.php(4): Route::get('/user', 'UsuarioControll...')\n#4 /var/www/APP/Core/Application/Environment.php(18): include_once('/var/www/APP/Co...')\n#5 /var/www/APP/index.php(8): Core\\Application\\Environment->run()\n#6 {main}\n  thrown in /var/www/APP/Core/Viewer/View.php on line 28
[Fri May 25 14:16:08.778707 2018] [:error] [pid 23202] [client 192.168.1.117:53337] PHP Fatal error:  Uncaught Error: Class 'Core\\Viewer\\Smarty' not found in /var/www/APP/Core/Viewer/View.php:28\nStack trace:\n#0 /var/www/APP/Core/Viewer/View.php(13): Core\\Viewer\\View->checkIsValidTemplate()\n#1 /var/www/APP/Controller/UsuarioController.php(16): Core\\Viewer\\View->__construct('usuario|index')\n#2 /var/www/APP/Core/Router/Route.php(72): Controller\\UsuarioController::index()\n#3 /var/www/APP/Config/routes.php(4): Route::get('/user', 'UsuarioControll...')\n#4 /var/www/APP/Core/Application/Environment.php(18): include_once('/var/www/APP/Co...')\n#5 /var/www/APP/index.php(8): Core\\Application\\Environment->run()\n#6 {main}\n  thrown in /var/www/APP/Core/Viewer/View.php on line 28
[Fri May 25 14:18:35.256018 2018] [:error] [pid 23881] [client 192.168.1.117:53417] PHP Fatal error:  Uncaught Error: Class 'Core\\Viewer\\Smarty' not found in /var/www/APP/Core/Viewer/View.php:28\nStack trace:\n#0 /var/www/APP/Core/Viewer/View.php(13): Core\\Viewer\\View->checkIsValidTemplate()\n#1 /var/www/APP/Controller/UsuarioController.php(16): Core\\Viewer\\View->__construct('usuario|index')\n#2 /var/www/APP/Core/Router/Route.php(72): Controller\\UsuarioController::index()\n#3 /var/www/APP/Config/routes.php(4): Route::get('/user', 'UsuarioControll...')\n#4 /var/www/APP/Core/Application/Environment.php(18): include_once('/var/www/APP/Co...')\n#5 /var/www/APP/index.php(8): Core\\Application\\Environment->run()\n#6 {main}\n  thrown in /var/www/APP/Core/Viewer/View.php on line 28
[Fri May 25 14:18:36.003065 2018] [:error] [pid 23881] [client 192.168.1.117:53417] PHP Fatal error:  Uncaught Error: Class 'Core\\Viewer\\Smarty' not found in /var/www/APP/Core/Viewer/View.php:28\nStack trace:\n#0 /var/www/APP/Core/Viewer/View.php(13): Core\\Viewer\\View->checkIsValidTemplate()\n#1 /var/www/APP/Controller/UsuarioController.php(16): Core\\Viewer\\View->__construct('usuario|index')\n#2 /var/www/APP/Core/Router/Route.php(72): Controller\\UsuarioController::index()\n#3 /var/www/APP/Config/routes.php(4): Route::get('/user', 'UsuarioControll...')\n#4 /var/www/APP/Core/Application/Environment.php(18): include_once('/var/www/APP/Co...')\n#5 /var/www/APP/index.php(8): Core\\Application\\Environment->run()\n#6 {main}\n  thrown in /var/www/APP/Core/Viewer/View.php on line 28
[Fri May 25 14:18:36.211741 2018] [:error] [pid 23881] [client 192.168.1.117:53417] PHP Fatal error:  Uncaught Error: Class 'Core\\Viewer\\Smarty' not found in /var/www/APP/Core/Viewer/View.php:28\nStack trace:\n#0 /var/www/APP/Core/Viewer/View.php(13): Core\\Viewer\\View->checkIsValidTemplate()\n#1 /var/www/APP/Controller/UsuarioController.php(16): Core\\Viewer\\View->__construct('usuario|index')\n#2 /var/www/APP/Core/Router/Route.php(72): Controller\\UsuarioController::index()\n#3 /var/www/APP/Config/routes.php(4): Route::get('/user', 'UsuarioControll...')\n#4 /var/www/APP/Core/Application/Environment.php(18): include_once('/var/www/APP/Co...')\n#5 /var/www/APP/index.php(8): Core\\Application\\Environment->run()\n#6 {main}\n  thrown in /var/www/APP/Core/Viewer/View.php on line 28
[Fri May 25 14:18:36.404329 2018] [:error] [pid 23881] [client 192.168.1.117:53417] PHP Fatal error:  Uncaught Error: Class 'Core\\Viewer\\Smarty' not found in /var/www/APP/Core/Viewer/View.php:28\nStack trace:\n#0 /var/www/APP/Core/Viewer/View.php(13): Core\\Viewer\\View->checkIsValidTemplate()\n#1 /var/www/APP/Controller/UsuarioController.php(16): Core\\Viewer\\View->__construct('usuario|index')\n#2 /var/www/APP/Core/Router/Route.php(72): Controller\\UsuarioController::index()\n#3 /var/www/APP/Config/routes.php(4): Route::get('/user', 'UsuarioControll...')\n#4 /var/www/APP/Core/Application/Environment.php(18): include_once('/var/www/APP/Co...')\n#5 /var/www/APP/index.php(8): Core\\Application\\Environment->run()\n#6 {main}\n  thrown in /var/www/APP/Core/Viewer/View.php on line 28
[Fri May 25 14:18:57.952358 2018] [:error] [pid 23205] [client 192.168.1.117:53428] PHP Fatal error:  Uncaught Error: Class 'Route' not found in /var/www/APP/Config/routes.php:6\nStack trace:\n#0 /var/www/APP/Core/Application/Environment.php(18): include_once()\n#1 /var/www/APP/index.php(8): Core\\Application\\Environment->run()\n#2 {main}\n  thrown in /var/www/APP/Config/routes.php on line 6
[Fri May 25 14:19:24.122705 2018] [:error] [pid 23877] [client 192.168.1.117:53432] PHP Fatal error:  Uncaught Error: Class 'Core\\Application\\Smarty' not found in /var/www/APP/Core/Application/Environment.php:15\nStack trace:\n#0 /var/www/APP/index.php(8): Core\\Application\\Environment->run()\n#1 {main}\n  thrown in /var/www/APP/Core/Application/Environment.php on line 15
[Fri May 25 14:21:17.578866 2018] [:error] [pid 25093] [client 192.168.1.117:53468] PHP Fatal error:  Uncaught Error: Class 'Core\\Application\\Environment' not found in /var/www/APP/index.php:7\nStack trace:\n#0 {main}\n  thrown in /var/www/APP/index.php on line 7
[Fri May 25 14:21:32.692484 2018] [:error] [pid 23202] [client 192.168.1.117:53475] PHP Fatal error:  Uncaught Error: Class 'Core\\Application\\Environment' not found in /var/www/APP/index.php:7\nStack trace:\n#0 {main}\n  thrown in /var/www/APP/index.php on line 7
[Fri May 25 14:21:40.683142 2018] [:error] [pid 23204] [client 192.168.1.117:53476] PHP Fatal error:  Uncaught Error: Class 'Core\\Application\\Environment' not found in /var/www/APP/index.php:7\nStack trace:\n#0 {main}\n  thrown in /var/www/APP/index.php on line 7
[Fri May 25 14:22:34.173833 2018] [:error] [pid 23877] [client 192.168.1.117:53490] PHP Fatal error:  Uncaught Error: Class 'Core\\Application\\Environment' not found in /var/www/APP/index.php:7\nStack trace:\n#0 {main}\n  thrown in /var/www/APP/index.php on line 7
[Fri May 25 14:23:01.009843 2018] [:error] [pid 25093] [client 192.168.1.117:53496] PHP Notice:  Use of undefined constant WWW_ROOT - assumed 'WWW_ROOT' in /var/www/APP/index.php on line 8
[Fri May 25 14:23:01.009885 2018] [:error] [pid 25093] [client 192.168.1.117:53496] PHP Notice:  Use of undefined constant DS - assumed 'DS' in /var/www/APP/index.php on line 8
[Fri May 25 14:23:01.009901 2018] [:error] [pid 25093] [client 192.168.1.117:53496] PHP Notice:  Use of undefined constant CORE - assumed 'CORE' in /var/www/APP/index.php on line 8
[Fri May 25 14:23:01.009916 2018] [:error] [pid 25093] [client 192.168.1.117:53496] PHP Notice:  Use of undefined constant DS - assumed 'DS' in /var/www/APP/index.php on line 8
[Fri May 25 14:23:01.010016 2018] [:error] [pid 25093] [client 192.168.1.117:53496] PHP Warning:  include_once(WWW_ROOTDSCOREDSSmarty/Smarty.php): failed to open stream: No such file or directory in /var/www/APP/index.php on line 8
[Fri May 25 14:23:01.010040 2018] [:error] [pid 25093] [client 192.168.1.117:53496] PHP Warning:  include_once(): Failed opening 'WWW_ROOTDSCOREDSSmarty/Smarty.php' for inclusion (include_path='.:/usr/share/php') in /var/www/APP/index.php on line 8
[Fri May 25 14:23:01.010081 2018] [:error] [pid 25093] [client 192.168.1.117:53496] PHP Fatal error:  Uncaught Error: Class 'Smarty' not found in /var/www/APP/index.php:10\nStack trace:\n#0 {main}\n  thrown in /var/www/APP/index.php on line 10
[Fri May 25 14:23:45.053450 2018] [:error] [pid 23202] [client 192.168.1.117:53501] PHP Fatal error:  Uncaught Error: Class 'Core\\Application\\Environment' not found in /var/www/APP/index.php:20\nStack trace:\n#0 {main}\n  thrown in /var/www/APP/index.php on line 20
[Fri May 25 14:24:02.782965 2018] [:error] [pid 23881] [client 192.168.1.117:53505] PHP Fatal error:  Uncaught Error: Class 'Core\\Application\\Environment' not found in /var/www/APP/index.php:13\nStack trace:\n#0 {main}\n  thrown in /var/www/APP/index.php on line 13
[Fri May 25 14:24:03.566025 2018] [:error] [pid 23200] [client 192.168.1.117:53506] PHP Fatal error:  Uncaught Error: Class 'Core\\Application\\Environment' not found in /var/www/APP/index.php:13\nStack trace:\n#0 {main}\n  thrown in /var/www/APP/index.php on line 13
[Fri May 25 14:24:03.876718 2018] [:error] [pid 23205] [client 192.168.1.117:53508] PHP Fatal error:  Uncaught Error: Class 'Core\\Application\\Environment' not found in /var/www/APP/index.php:13\nStack trace:\n#0 {main}\n  thrown in /var/www/APP/index.php on line 13
[Fri May 25 14:24:20.459210 2018] [:error] [pid 23877] [client 192.168.1.117:53514] PHP Fatal error:  Uncaught Error: Class 'Core\\Application\\Environment' not found in /var/www/APP/index.php:15\nStack trace:\n#0 {main}\n  thrown in /var/www/APP/index.php on line 15
[Fri May 25 14:25:15.523533 2018] [:error] [pid 23880] [client 192.168.1.117:53520] PHP Fatal error:  Uncaught Error: Class 'Smarty' not found in /var/www/APP/index.php:11\nStack trace:\n#0 {main}\n  thrown in /var/www/APP/index.php on line 11
[Fri May 25 14:25:27.475713 2018] [:error] [pid 23204] [client 192.168.1.117:53527] PHP Notice:  Use of undefined constant WWW_ROOT - assumed 'WWW_ROOT' in /var/www/APP/index.php on line 10
[Fri May 25 14:25:27.475754 2018] [:error] [pid 23204] [client 192.168.1.117:53527] PHP Notice:  Use of undefined constant DS - assumed 'DS' in /var/www/APP/index.php on line 10
[Fri May 25 14:25:27.475770 2018] [:error] [pid 23204] [client 192.168.1.117:53527] PHP Notice:  Use of undefined constant CORE - assumed 'CORE' in /var/www/APP/index.php on line 10
[Fri May 25 14:25:27.475785 2018] [:error] [pid 23204] [client 192.168.1.117:53527] PHP Notice:  Use of undefined constant DS - assumed 'DS' in /var/www/APP/index.php on line 10
[Fri May 25 14:25:27.475869 2018] [:error] [pid 23204] [client 192.168.1.117:53527] PHP Warning:  include_once(WWW_ROOTDSCOREDSSmarty/Smarty.php): failed to open stream: No such file or directory in /var/www/APP/index.php on line 10
[Fri May 25 14:25:27.475892 2018] [:error] [pid 23204] [client 192.168.1.117:53527] PHP Warning:  include_once(): Failed opening 'WWW_ROOTDSCOREDSSmarty/Smarty.php' for inclusion (include_path='.:/usr/share/php') in /var/www/APP/index.php on line 10
[Fri May 25 14:25:27.475933 2018] [:error] [pid 23204] [client 192.168.1.117:53527] PHP Fatal error:  Uncaught Error: Class 'Smarty' not found in /var/www/APP/index.php:11\nStack trace:\n#0 {main}\n  thrown in /var/www/APP/index.php on line 11
[Fri May 25 14:26:09.624019 2018] [:error] [pid 23200] [client 192.168.1.117:53536] PHP Fatal error:  Uncaught Error: Class 'Core\\Application\\Environment' not found in /var/www/APP/index.php:17\nStack trace:\n#0 {main}\n  thrown in /var/www/APP/index.php on line 17
[Fri May 25 14:26:17.934544 2018] [:error] [pid 23205] [client 192.168.1.117:53537] PHP Fatal error:  Uncaught Error: Class 'Core\\Application\\Environment' not found in /var/www/APP/index.php:17\nStack trace:\n#0 {main}\n  thrown in /var/www/APP/index.php on line 17
[Fri May 25 14:26:20.716927 2018] [:error] [pid 23205] [client 192.168.1.117:53537] PHP Fatal error:  Uncaught Error: Class 'Core\\Application\\Environment' not found in /var/www/APP/index.php:17\nStack trace:\n#0 {main}\n  thrown in /var/www/APP/index.php on line 17
[Fri May 25 14:26:27.461368 2018] [:error] [pid 23205] [client 192.168.1.117:53537] PHP Fatal error:  Uncaught Error: Class 'Core\\Application\\Environment' not found in /var/www/APP/index.php:17\nStack trace:\n#0 {main}\n  thrown in /var/www/APP/index.php on line 17
[Fri May 25 14:27:36.787554 2018] [:error] [pid 23880] [client 192.168.1.117:53561] PHP Fatal error:  Uncaught Error: Class 'Core\\Application\\Environment' not found in /var/www/APP/index.php:17\nStack trace:\n#0 {main}\n  thrown in /var/www/APP/index.php on line 17
[Fri May 25 14:30:13.144429 2018] [:error] [pid 23877] [client 192.168.1.117:53598] PHP Fatal error:  Uncaught Exception: Erro ao localizar arquivo de classe de nome:Smarty_Internal_Data.php | /var/www/APP/Core/Router/Smarty_Internal_Data.php in /var/www/APP/autoloader.php:33\nStack trace:\n#0 [internal function]: __autoloader_APP('Smarty_Internal...')\n#1 /var/www/APP/Core/Smarty/Smarty.php(85): spl_autoload_call('Smarty_Internal...')\n#2 /var/www/APP/autoloader.php(51): include_once('/var/www/APP/Co...')\n#3 /var/www/APP/index.php(9): include_once('/var/www/APP/au...')\n#4 {main}\n  thrown in /var/www/APP/autoloader.php on line 33
[Fri May 25 14:30:38.221648 2018] [:error] [pid 25093] [client 192.168.1.117:53611] PHP Fatal error:  Uncaught Exception: Erro ao localizar arquivo de classe de nome:Smarty_Internal_Data.php | /var/www/APP/Core/Router/Smarty_Internal_Data.php in /var/www/APP/autoloader.php:33\nStack trace:\n#0 [internal function]: __autoloader_APP('Smarty_Internal...')\n#1 /var/www/APP/Core/Smarty/Smarty.php(85): spl_autoload_call('Smarty_Internal...')\n#2 /var/www/APP/autoloader.php(51): include_once('/var/www/APP/Co...')\n#3 /var/www/APP/index.php(9): include_once('/var/www/APP/au...')\n#4 {main}\n  thrown in /var/www/APP/autoloader.php on line 33
[Fri May 25 14:31:41.919641 2018] [:error] [pid 23204] [client 192.168.1.117:53635] PHP Fatal error:  Uncaught Error: Class 'Core\\Smarty\\Smarty' not found in /var/www/APP/Core/Viewer/View.php:30\nStack trace:\n#0 /var/www/APP/Core/Viewer/View.php(15): Core\\Viewer\\View->checkIsValidTemplate()\n#1 /var/www/APP/Controller/UsuarioController.php(16): Core\\Viewer\\View->__construct('usuario|index')\n#2 /var/www/APP/Core/Router/Route.php(69): Controller\\UsuarioController::index()\n#3 /var/www/APP/Config/routes.php(3): Route::get('/user', 'UsuarioControll...')\n#4 /var/www/APP/Core/Application/Environment.php(18): include_once('/var/www/APP/Co...')\n#5 /var/www/APP/index.php(12): Core\\Application\\Environment->run()\n#6 {main}\n  thrown in /var/www/APP/Core/Viewer/View.php on line 30
[Fri May 25 14:32:23.810765 2018] [:error] [pid 23200] [client 192.168.1.117:53643] PHP Fatal error:  Uncaught Error: Class 'Core\\Smarty\\Smarty' not found in /var/www/APP/Core/Viewer/View.php:30\nStack trace:\n#0 /var/www/APP/Core/Viewer/View.php(15): Core\\Viewer\\View->checkIsValidTemplate()\n#1 /var/www/APP/Controller/UsuarioController.php(16): Core\\Viewer\\View->__construct('usuario|index')\n#2 /var/www/APP/Core/Router/Route.php(69): Controller\\UsuarioController::index()\n#3 /var/www/APP/Config/routes.php(3): Route::get('/user', 'UsuarioControll...')\n#4 /var/www/APP/Core/Application/Environment.php(18): include_once('/var/www/APP/Co...')\n#5 /var/www/APP/index.php(12): Core\\Application\\Environment->run()\n#6 {main}\n  thrown in /var/www/APP/Core/Viewer/View.php on line 30
[Fri May 25 14:32:24.561740 2018] [:error] [pid 23200] [client 192.168.1.117:53643] PHP Fatal error:  Uncaught Error: Class 'Core\\Smarty\\Smarty' not found in /var/www/APP/Core/Viewer/View.php:30\nStack trace:\n#0 /var/www/APP/Core/Viewer/View.php(15): Core\\Viewer\\View->checkIsValidTemplate()\n#1 /var/www/APP/Controller/UsuarioController.php(16): Core\\Viewer\\View->__construct('usuario|index')\n#2 /var/www/APP/Core/Router/Route.php(69): Controller\\UsuarioController::index()\n#3 /var/www/APP/Config/routes.php(3): Route::get('/user', 'UsuarioControll...')\n#4 /var/www/APP/Core/Application/Environment.php(18): include_once('/var/www/APP/Co...')\n#5 /var/www/APP/index.php(12): Core\\Application\\Environment->run()\n#6 {main}\n  thrown in /var/www/APP/Core/Viewer/View.php on line 30
[Fri May 25 14:32:24.783122 2018] [:error] [pid 23200] [client 192.168.1.117:53643] PHP Fatal error:  Uncaught Error: Class 'Core\\Smarty\\Smarty' not found in /var/www/APP/Core/Viewer/View.php:30\nStack trace:\n#0 /var/www/APP/Core/Viewer/View.php(15): Core\\Viewer\\View->checkIsValidTemplate()\n#1 /var/www/APP/Controller/UsuarioController.php(16): Core\\Viewer\\View->__construct('usuario|index')\n#2 /var/www/APP/Core/Router/Route.php(69): Controller\\UsuarioController::index()\n#3 /var/www/APP/Config/routes.php(3): Route::get('/user', 'UsuarioControll...')\n#4 /var/www/APP/Core/Application/Environment.php(18): include_once('/var/www/APP/Co...')\n#5 /var/www/APP/index.php(12): Core\\Application\\Environment->run()\n#6 {main}\n  thrown in /var/www/APP/Core/Viewer/View.php on line 30
[Fri May 25 14:32:24.958695 2018] [:error] [pid 23200] [client 192.168.1.117:53643] PHP Fatal error:  Uncaught Error: Class 'Core\\Smarty\\Smarty' not found in /var/www/APP/Core/Viewer/View.php:30\nStack trace:\n#0 /var/www/APP/Core/Viewer/View.php(15): Core\\Viewer\\View->checkIsValidTemplate()\n#1 /var/www/APP/Controller/UsuarioController.php(16): Core\\Viewer\\View->__construct('usuario|index')\n#2 /var/www/APP/Core/Router/Route.php(69): Controller\\UsuarioController::index()\n#3 /var/www/APP/Config/routes.php(3): Route::get('/user', 'UsuarioControll...')\n#4 /var/www/APP/Core/Application/Environment.php(18): include_once('/var/www/APP/Co...')\n#5 /var/www/APP/index.php(12): Core\\Application\\Environment->run()\n#6 {main}\n  thrown in /var/www/APP/Core/Viewer/View.php on line 30
[Fri May 25 14:32:25.088538 2018] [:error] [pid 23200] [client 192.168.1.117:53643] PHP Fatal error:  Uncaught Error: Class 'Core\\Smarty\\Smarty' not found in /var/www/APP/Core/Viewer/View.php:30\nStack trace:\n#0 /var/www/APP/Core/Viewer/View.php(15): Core\\Viewer\\View->checkIsValidTemplate()\n#1 /var/www/APP/Controller/UsuarioController.php(16): Core\\Viewer\\View->__construct('usuario|index')\n#2 /var/www/APP/Core/Router/Route.php(69): Controller\\UsuarioController::index()\n#3 /var/www/APP/Config/routes.php(3): Route::get('/user', 'UsuarioControll...')\n#4 /var/www/APP/Core/Application/Environment.php(18): include_once('/var/www/APP/Co...')\n#5 /var/www/APP/index.php(12): Core\\Application\\Environment->run()\n#6 {main}\n  thrown in /var/www/APP/Core/Viewer/View.php on line 30
[Fri May 25 14:32:25.213303 2018] [:error] [pid 23200] [client 192.168.1.117:53643] PHP Fatal error:  Uncaught Error: Class 'Core\\Smarty\\Smarty' not found in /var/www/APP/Core/Viewer/View.php:30\nStack trace:\n#0 /var/www/APP/Core/Viewer/View.php(15): Core\\Viewer\\View->checkIsValidTemplate()\n#1 /var/www/APP/Controller/UsuarioController.php(16): Core\\Viewer\\View->__construct('usuario|index')\n#2 /var/www/APP/Core/Router/Route.php(69): Controller\\UsuarioController::index()\n#3 /var/www/APP/Config/routes.php(3): Route::get('/user', 'UsuarioControll...')\n#4 /var/www/APP/Core/Application/Environment.php(18): include_once('/var/www/APP/Co...')\n#5 /var/www/APP/index.php(12): Core\\Application\\Environment->run()\n#6 {main}\n  thrown in /var/www/APP/Core/Viewer/View.php on line 30
[Fri May 25 14:32:25.406245 2018] [:error] [pid 23200] [client 192.168.1.117:53643] PHP Fatal error:  Uncaught Error: Class 'Core\\Smarty\\Smarty' not found in /var/www/APP/Core/Viewer/View.php:30\nStack trace:\n#0 /var/www/APP/Core/Viewer/View.php(15): Core\\Viewer\\View->checkIsValidTemplate()\n#1 /var/www/APP/Controller/UsuarioController.php(16): Core\\Viewer\\View->__construct('usuario|index')\n#2 /var/www/APP/Core/Router/Route.php(69): Controller\\UsuarioController::index()\n#3 /var/www/APP/Config/routes.php(3): Route::get('/user', 'UsuarioControll...')\n#4 /var/www/APP/Core/Application/Environment.php(18): include_once('/var/www/APP/Co...')\n#5 /var/www/APP/index.php(12): Core\\Application\\Environment->run()\n#6 {main}\n  thrown in /var/www/APP/Core/Viewer/View.php on line 30
[Fri May 25 14:32:47.576477 2018] [:error] [pid 23877] [client 192.168.1.117:53652] PHP Fatal error:  Uncaught Error: Class 'Core\\Smarty\\Smarty' not found in /var/www/APP/Core/Viewer/View.php:30\nStack trace:\n#0 /var/www/APP/Core/Viewer/View.php(15): Core\\Viewer\\View->checkIsValidTemplate()\n#1 /var/www/APP/Controller/UsuarioController.php(16): Core\\Viewer\\View->__construct('usuario|index')\n#2 /var/www/APP/Core/Router/Route.php(69): Controller\\UsuarioController::index()\n#3 /var/www/APP/Config/routes.php(3): Route::get('/user', 'UsuarioControll...')\n#4 /var/www/APP/Core/Application/Environment.php(18): include_once('/var/www/APP/Co...')\n#5 /var/www/APP/index.php(12): Core\\Application\\Environment->run()\n#6 {main}\n  thrown in /var/www/APP/Core/Viewer/View.php on line 30
[Fri May 25 14:32:48.712907 2018] [:error] [pid 23877] [client 192.168.1.117:53652] PHP Fatal error:  Uncaught Error: Class 'Core\\Smarty\\Smarty' not found in /var/www/APP/Core/Viewer/View.php:30\nStack trace:\n#0 /var/www/APP/Core/Viewer/View.php(15): Core\\Viewer\\View->checkIsValidTemplate()\n#1 /var/www/APP/Controller/UsuarioController.php(16): Core\\Viewer\\View->__construct('usuario|index')\n#2 /var/www/APP/Core/Router/Route.php(69): Controller\\UsuarioController::index()\n#3 /var/www/APP/Config/routes.php(3): Route::get('/user', 'UsuarioControll...')\n#4 /var/www/APP/Core/Application/Environment.php(18): include_once('/var/www/APP/Co...')\n#5 /var/www/APP/index.php(12): Core\\Application\\Environment->run()\n#6 {main}\n  thrown in /var/www/APP/Core/Viewer/View.php on line 30
[Fri May 25 14:33:22.747469 2018] [:error] [pid 25093] [client 192.168.1.117:53663] PHP Fatal error:  Uncaught LogicException: Function 'smartyAutoload' not found (function 'smartyAutoload' not found or invalid function name) in /var/www/APP/Core/Smarty/Smarty.php:81\nStack trace:\n#0 /var/www/APP/Core/Smarty/Smarty.php(81): spl_autoload_register('smartyAutoload')\n#1 /var/www/APP/autoloader.php(31): include_once('/var/www/APP/Co...')\n#2 [internal function]: __autoloader_APP('Core/Smarty/Sma...')\n#3 /var/www/APP/Core/Viewer/View.php(30): spl_autoload_call('Core\\\\Smarty\\\\Sma...')\n#4 /var/www/APP/Core/Viewer/View.php(15): Core\\Viewer\\View->checkIsValidTemplate()\n#5 /var/www/APP/Controller/UsuarioController.php(16): Core\\Viewer\\View->__construct('usuario|index')\n#6 /var/www/APP/Core/Router/Route.php(69): Controller\\UsuarioController::index()\n#7 /var/www/APP/Config/routes.php(3): Route::get('/user', 'UsuarioControll...')\n#8 /var/www/APP/Core/Application/Environment.php(18): include_once('/var/www/APP/Co...')\n#9 /var/www/APP/index.php(12): Core\\Application\\Environment->run()\n#10 {main}\n  thrown in /var/www/APP/Core/Smarty/Smarty.php on line 81
[Fri May 25 14:33:42.165718 2018] [:error] [pid 23202] [client 192.168.1.117:53668] PHP Fatal error:  Uncaught Error: Class 'Core\\Smarty\\Smarty' not found in /var/www/APP/Core/Viewer/View.php:30\nStack trace:\n#0 /var/www/APP/Core/Viewer/View.php(15): Core\\Viewer\\View->checkIsValidTemplate()\n#1 /var/www/APP/Controller/UsuarioController.php(16): Core\\Viewer\\View->__construct('usuario|index')\n#2 /var/www/APP/Core/Router/Route.php(69): Controller\\UsuarioController::index()\n#3 /var/www/APP/Config/routes.php(3): Route::get('/user', 'UsuarioControll...')\n#4 /var/www/APP/Core/Application/Environment.php(18): include_once('/var/www/APP/Co...')\n#5 /var/www/APP/index.php(12): Core\\Application\\Environment->run()\n#6 {main}\n  thrown in /var/www/APP/Core/Viewer/View.php on line 30
[Fri May 25 14:33:57.751541 2018] [:error] [pid 23881] [client 192.168.1.117:53672] PHP Fatal error:  Uncaught Error: Class 'Core\\Smarty\\Smarty' not found in /var/www/APP/Core/Viewer/View.php:30\nStack trace:\n#0 /var/www/APP/Core/Viewer/View.php(15): Core\\Viewer\\View->checkIsValidTemplate()\n#1 /var/www/APP/Controller/UsuarioController.php(16): Core\\Viewer\\View->__construct('usuario|index')\n#2 /var/www/APP/Core/Router/Route.php(69): Controller\\UsuarioController::index()\n#3 /var/www/APP/Config/routes.php(3): Route::get('/user', 'UsuarioControll...')\n#4 /var/www/APP/Core/Application/Environment.php(18): include_once('/var/www/APP/Co...')\n#5 /var/www/APP/index.php(12): Core\\Application\\Environment->run()\n#6 {main}\n  thrown in /var/www/APP/Core/Viewer/View.php on line 30
[Fri May 25 14:33:58.508821 2018] [:error] [pid 23881] [client 192.168.1.117:53672] PHP Fatal error:  Uncaught Error: Class 'Core\\Smarty\\Smarty' not found in /var/www/APP/Core/Viewer/View.php:30\nStack trace:\n#0 /var/www/APP/Core/Viewer/View.php(15): Core\\Viewer\\View->checkIsValidTemplate()\n#1 /var/www/APP/Controller/UsuarioController.php(16): Core\\Viewer\\View->__construct('usuario|index')\n#2 /var/www/APP/Core/Router/Route.php(69): Controller\\UsuarioController::index()\n#3 /var/www/APP/Config/routes.php(3): Route::get('/user', 'UsuarioControll...')\n#4 /var/www/APP/Core/Application/Environment.php(18): include_once('/var/www/APP/Co...')\n#5 /var/www/APP/index.php(12): Core\\Application\\Environment->run()\n#6 {main}\n  thrown in /var/www/APP/Core/Viewer/View.php on line 30
[Fri May 25 14:33:58.720222 2018] [:error] [pid 23881] [client 192.168.1.117:53672] PHP Fatal error:  Uncaught Error: Class 'Core\\Smarty\\Smarty' not found in /var/www/APP/Core/Viewer/View.php:30\nStack trace:\n#0 /var/www/APP/Core/Viewer/View.php(15): Core\\Viewer\\View->checkIsValidTemplate()\n#1 /var/www/APP/Controller/UsuarioController.php(16): Core\\Viewer\\View->__construct('usuario|index')\n#2 /var/www/APP/Core/Router/Route.php(69): Controller\\UsuarioController::index()\n#3 /var/www/APP/Config/routes.php(3): Route::get('/user', 'UsuarioControll...')\n#4 /var/www/APP/Core/Application/Environment.php(18): include_once('/var/www/APP/Co...')\n#5 /var/www/APP/index.php(12): Core\\Application\\Environment->run()\n#6 {main}\n  thrown in /var/www/APP/Core/Viewer/View.php on line 30
[Fri May 25 14:33:58.906899 2018] [:error] [pid 23881] [client 192.168.1.117:53672] PHP Fatal error:  Uncaught Error: Class 'Core\\Smarty\\Smarty' not found in /var/www/APP/Core/Viewer/View.php:30\nStack trace:\n#0 /var/www/APP/Core/Viewer/View.php(15): Core\\Viewer\\View->checkIsValidTemplate()\n#1 /var/www/APP/Controller/UsuarioController.php(16): Core\\Viewer\\View->__construct('usuario|index')\n#2 /var/www/APP/Core/Router/Route.php(69): Controller\\UsuarioController::index()\n#3 /var/www/APP/Config/routes.php(3): Route::get('/user', 'UsuarioControll...')\n#4 /var/www/APP/Core/Application/Environment.php(18): include_once('/var/www/APP/Co...')\n#5 /var/www/APP/index.php(12): Core\\Application\\Environment->run()\n#6 {main}\n  thrown in /var/www/APP/Core/Viewer/View.php on line 30
[Fri May 25 14:37:12.357495 2018] [:error] [pid 23200] [client 192.168.1.117:53722] PHP Warning:  var_dump() expects at least 1 parameter, 0 given in /var/www/APP/Core/Viewer/View.php on line 31
[Fri May 25 14:57:19.835057 2018] [:error] [pid 23881] [client 192.168.1.117:54275] PHP Parse error:  syntax error, unexpected '=', expecting ']' in /var/www/APP/Config/template.php on line 7
[Fri May 25 14:57:42.531464 2018] [:error] [pid 23879] [client 192.168.1.117:54280] PHP Parse error:  syntax error, unexpected '=', expecting ']' in /var/www/APP/Config/template.php on line 7
[Fri May 25 14:57:43.428128 2018] [:error] [pid 23879] [client 192.168.1.117:54280] PHP Parse error:  syntax error, unexpected '=', expecting ']' in /var/www/APP/Config/template.php on line 7
[Fri May 25 14:57:48.611213 2018] [:error] [pid 23205] [client 192.168.1.117:54281] PHP Notice:  Undefined index: template_dir in /var/www/APP/autoloader.php on line 53
[Fri May 25 14:57:48.622132 2018] [:error] [pid 23205] [client 192.168.1.117:54281] PHP Parse error:  syntax error, unexpected '}' in /var/www/APP/Core/Viewer/View.php on line 45
[Fri May 25 15:47:29.273667 2018] [:error] [pid 23882] [client 192.168.1.117:55935] PHP Notice:  Undefined index: error_reporting in /var/www/APP/autoloader.php on line 57
[Fri May 25 15:47:29.273715 2018] [:error] [pid 23882] [client 192.168.1.117:55935] PHP Notice:  Undefined index: debugging in /var/www/APP/autoloader.php on line 58
[Fri May 25 15:47:29.274162 2018] [:error] [pid 23882] [client 192.168.1.117:55935] PHP Parse error:  syntax error, unexpected '}' in /var/www/APP/Core/Viewer/View.php on line 45
[Fri May 25 15:47:51.666969 2018] [:error] [pid 23880] [client 192.168.1.117:55945] PHP Parse error:  syntax error, unexpected '}' in /var/www/APP/Core/Viewer/View.php on line 45
[Fri May 25 15:54:27.238698 2018] [:error] [pid 23881] [client 192.168.1.117:56595] PHP Parse error:  syntax error, unexpected ';' in /var/www/APP/Core/Viewer/View.php on line 50
[Fri May 25 16:00:12.782138 2018] [:error] [pid 25093] [client 192.168.1.117:56944] PHP Fatal error:  Uncaught Error: Undefined class constant 'getTemplateName' in /var/www/APP/Core/Viewer/View.php:53\nStack trace:\n#0 /var/www/APP/Core/Viewer/View.php(22): Core\\Viewer\\View->displayTemplate()\n#1 /var/www/APP/Controller/UsuarioController.php(14): Core\\Viewer\\View->__construct('usuario|index')\n#2 /var/www/APP/Core/Router/Route.php(69): Controller\\UsuarioController::index()\n#3 /var/www/APP/Config/routes.php(3): Route::get('/user', 'UsuarioControll...')\n#4 /var/www/APP/Core/Application/Environment.php(18): include_once('/var/www/APP/Co...')\n#5 /var/www/APP/index.php(12): Core\\Application\\Environment->run()\n#6 {main}\n  thrown in /var/www/APP/Core/Viewer/View.php on line 53
[Fri May 25 16:20:39.787711 2018] [:error] [pid 23879] [client 192.168.1.117:58355] PHP Notice:  Undefined variable: theme_path in /var/www/APP/Core/Smarty/sysplugins/smarty_internal_data.php on line 287
[Fri May 25 16:20:39.787758 2018] [:error] [pid 23879] [client 192.168.1.117:58355] PHP Notice:  Undefined variable: ssx_content_path in /var/www/APP/Core/Smarty/sysplugins/smarty_internal_data.php on line 287
[Fri May 25 16:20:39.787780 2018] [:error] [pid 23879] [client 192.168.1.117:58355] PHP Notice:  Undefined variable: theme_path in /var/www/APP/Core/Smarty/sysplugins/smarty_internal_data.php on line 287
[Fri May 25 16:21:17.524760 2018] [:error] [pid 23877] [client 192.168.1.117:58373] PHP Notice:  Undefined variable: ssx_content_path in /var/www/APP/Core/Smarty/sysplugins/smarty_internal_data.php on line 287
[Fri May 25 16:21:17.524806 2018] [:error] [pid 23877] [client 192.168.1.117:58373] PHP Notice:  Undefined variable: theme_path in /var/www/APP/Core/Smarty/sysplugins/smarty_internal_data.php on line 287
[Fri May 25 16:28:53.729789 2018] [:error] [pid 23880] [client 192.168.1.117:58509] PHP Warning:  call_user_func_array() expects parameter 1 to be a valid callback, class 'Controller\\UsuarioController' not found in /var/www/APP/Core/Router/Route.php on line 69
[Fri May 25 16:28:53.729839 2018] [:error] [pid 23880] [client 192.168.1.117:58509] PHP Parse error:  syntax error, unexpected '->' (T_OBJECT_OPERATOR), expecting ';' in /var/www/APP/Controller/UsuarioController.php on line 14
